Log file open, 12/07/18 00:06:39
LogWindows: Failed to load 'aqProf.dll' (GetLastError=126)
LogWindows: File 'aqProf.dll' does not exist
LogWindows: Failed to load 'VtuneApi.dll' (GetLastError=126)
LogWindows: File 'VtuneApi.dll' does not exist
LogWindows: Failed to load 'VtuneApi32e.dll' (GetLastError=126)
LogWindows: File 'VtuneApi32e.dll' does not exist
LogConsoleResponse: Display: Failed to find resolution value strings in scalability ini. Falling back to default.
LogInit: Display: Running engine for game: Monjeu
LogPakFile: Registered encryption key '00000000000000000000000000000000': 0 pak files mounted, 0 remain pending
LogPlatformFile: Not using cached read wrapper
LogTaskGraph: Started task graph with 5 named threads and 23 total threads with 3 sets of task threads.
LogStats: Stats thread started at 0.317156
LogD3D11RHI: Loaded GFSDK_Aftermath_Lib.x64.dll
LogICUInternationalization: ICU TimeZone Detection - Raw Offset: +1:00, Platform Override: ''
LogPluginManager: Mounting plugin Paper2D
LogPluginManager: Mounting plugin AISupport
LogPluginManager: Mounting plugin LightPropagationVolume
LogPluginManager: Mounting plugin ActorLayerUtilities
LogPluginManager: Mounting plugin CLionSourceCodeAccess
LogPluginManager: Mounting plugin CodeLiteSourceCodeAccess
LogPluginManager: Mounting plugin GitSourceControl
LogPluginManager: Mounting plugin KDevelopSourceCodeAccess
LogPluginManager: Mounting plugin NullSourceCodeAccess
LogPluginManager: Mounting plugin PerforceSourceControl
LogPluginManager: Mounting plugin SubversionSourceControl
LogPluginManager: Mounting plugin UObjectPlugin
LogPluginManager: Mounting plugin VisualStudioCodeSourceCodeAccess
LogPluginManager: Mounting plugin VisualStudioSourceCodeAccess
LogPluginManager: Mounting plugin XCodeSourceCodeAccess
LogPluginManager: Mounting plugin AssetManagerEditor
LogPluginManager: Mounting plugin CryptoKeys
LogPluginManager: Mounting plugin DataValidation
LogPluginManager: Mounting plugin FacialAnimation
LogPluginManager: Mounting plugin GameplayTagsEditor
LogPluginManager: Mounting plugin MacGraphicsSwitching
LogPluginManager: Mounting plugin MobileLauncherProfileWizard
LogPluginManager: Mounting plugin PluginBrowser
LogPluginManager: Mounting plugin SpeedTreeImporter
LogPluginManager: Mounting plugin DatasmithContent
LogPluginManager: Mounting plugin VariantManagerContent
LogPluginManager: Mounting plugin AppleImageUtils
LogPluginManager: Mounting plugin AppleVision
LogPluginManager: Mounting plugin BackChannel
LogPluginManager: Mounting plugin CharacterAI
LogPluginManager: Mounting plugin GeometryCache
LogPluginManager: Mounting plugin HTML5Networking
LogPluginManager: Mounting plugin ProxyLODPlugin
LogPluginManager: Mounting plugin MagicLeap
LogPluginManager: Mounting plugin MagicLeapMedia
LogPluginManager: Mounting plugin AndroidMedia
LogPluginManager: Mounting plugin AvfMedia
LogPluginManager: Mounting plugin ImgMedia
LogPluginManager: Mounting plugin LinearTimecode
LogPluginManager: Mounting plugin MediaCompositing
LogPluginManager: Mounting plugin MediaPlayerEditor
LogPluginManager: Mounting plugin WebMMedia
LogPluginManager: Mounting plugin WmfMedia
LogPluginManager: Mounting plugin TcpMessaging
LogPluginManager: Mounting plugin UdpMessaging
LogPluginManager: Mounting plugin ActorSequence
LogPluginManager: Mounting plugin LevelSequenceEditor
LogPluginManager: Mounting plugin MatineeToLevelSequence
LogPluginManager: Mounting plugin NetcodeUnitTest
LogPluginManager: Mounting plugin NUTUnrealEngine4
LogPluginManager: Mounting plugin OnlineSubsystemGooglePlay
LogPluginManager: Mounting plugin OnlineSubsystemIOS
LogPluginManager: Mounting plugin OnlineSubsystem
LogPluginManager: Mounting plugin OnlineSubsystemNull
LogPluginManager: Mounting plugin OnlineSubsystemUtils
LogPluginManager: Mounting plugin LauncherChunkInstaller
LogPluginManager: Mounting plugin AndroidDeviceProfileSelector
LogPluginManager: Mounting plugin AndroidMoviePlayer
LogPluginManager: Mounting plugin AndroidPermission
LogPluginManager: Mounting plugin AppleMoviePlayer
LogPluginManager: Mounting plugin ArchVisCharacter
LogPluginManager: Mounting plugin AudioCapture
LogPluginManager: Mounting plugin CableComponent
LogPluginManager: Mounting plugin CustomMeshComponent
LogPluginManager: Mounting plugin EditableMesh
LogPluginManager: Mounting plugin ExampleDeviceProfileSelector
LogPluginManager: Mounting plugin Firebase
LogPluginManager: Mounting plugin GoogleCloudMessaging
LogPluginManager: Mounting plugin IOSDeviceProfileSelector
LogPluginManager: Mounting plugin LinuxDeviceProfileSelector
LogPluginManager: Mounting plugin LocationServicesBPLibrary
LogPluginManager: Mounting plugin MobilePatchingUtils
LogPluginManager: Mounting plugin OculusVR
LogPluginManager: Mounting plugin PhysXVehicles
LogPluginManager: Mounting plugin ProceduralMeshComponent
LogPluginManager: Mounting plugin RuntimePhysXCooking
LogPluginManager: Mounting plugin SteamVR
LogPluginManager: Mounting plugin WebMMoviePlayer
LogPluginManager: Mounting plugin WindowsMoviePlayer
LogStreaming: Display: Took  0.100s to configure plugins.
LogInit: Using libcurl 7.55.1-DEV
LogInit:  - built for x86_64-pc-win32
LogInit:  - supports SSL with OpenSSL/1.0.2h
LogInit:  - supports HTTP deflate (compression) using libz 1.2.8
LogInit:  - other features:
LogInit:      CURL_VERSION_SSL
LogInit:      CURL_VERSION_LIBZ
LogInit:      CURL_VERSION_IPV6
LogInit:      CURL_VERSION_ASYNCHDNS
LogInit:      CURL_VERSION_LARGEFILE
LogInit:      CURL_VERSION_IDN
LogInit:  CurlRequestOptions (configurable via config and command line):
LogInit:  - bVerifyPeer = true  - Libcurl will verify peer certificate
LogInit:  - bUseHttpProxy = false  - Libcurl will NOT use HTTP proxy
LogInit:  - bDontReuseConnections = false  - Libcurl will reuse connections
LogInit:  - MaxHostConnections = 16  - Libcurl will limit the number of connections to a host
LogInit:  - LocalHostAddr = Default
LogInit:  - BufferSize = 65536
LogInit: WinSock: version 1.1 (2.2), MaxSocks=32767, MaxUdp=65467
LogInit: Build: ++UE4+Release-4.21-CL-4541578
LogInit: Engine Version: 4.21.0-4541578+++UE4+Release-4.21
LogInit: Compatible Engine Version: 4.21.0-4541578+++UE4+Release-4.21
LogInit: Net CL: 4541578
LogInit: OS: Windows 10 (), CPU:        Intel(R) Core(TM) i7-3770K CPU @ 3.50GHz, GPU: NVIDIA GeForce GTX 680
LogInit: Compiled (64-bit): Nov  6 2018 02:04:24
LogInit: Compiled with Visual C++: 19.13.26129.00
LogInit: Build Configuration: Development
LogInit: Branch Name: ++UE4+Release-4.21
LogInit: Command Line: 
LogInit: Base Directory: E:/Epic Game/unreal engine/UE_4.21/Engine/Binaries/Win64/
LogInit: Installed Engine Build: 1
LogDevObjectVersion: Number of dev versions registered: 22
LogDevObjectVersion:   Dev-Blueprints (B0D832E4-1F89-4F0D-ACCF-7EB736FD4AA2): 10
LogDevObjectVersion:   Dev-Build (E1C64328-A22C-4D53-A36C-8E866417BD8C): 0
LogDevObjectVersion:   Dev-Core (375EC13C-06E4-48FB-B500-84F0262A717E): 2
LogDevObjectVersion:   Dev-Editor (E4B068ED-F494-42E9-A231-DA0B2E46BB41): 26
LogDevObjectVersion:   Dev-Framework (CFFC743F-43B0-4480-9391-14DF171D2073): 34
LogDevObjectVersion:   Dev-Mobile (B02B49B5-BB20-44E9-A304-32B752E40360): 2
LogDevObjectVersion:   Dev-Networking (A4E4105C-59A1-49B5-A7C5-40C4547EDFEE): 0
LogDevObjectVersion:   Dev-Online (39C831C9-5AE6-47DC-9A44-9C173E1C8E7C): 0
LogDevObjectVersion:   Dev-Physics (78F01B33-EBEA-4F98-B9B4-84EACCB95AA2): 0
LogDevObjectVersion:   Dev-Platform (6631380F-2D4D-43E0-8009-CF276956A95A): 0
LogDevObjectVersion:   Dev-Rendering (12F88B9F-8875-4AFC-A67C-D90C383ABD29): 27
LogDevObjectVersion:   Dev-Sequencer (7B5AE74C-D270-4C10-A958-57980B212A5A): 9
LogDevObjectVersion:   Dev-VR (D7296918-1DD6-4BDD-9DE2-64A83CC13884): 2
LogDevObjectVersion:   Dev-LoadTimes (C2A15278-BFE7-4AFE-6C17-90FF531DF755): 1
LogDevObjectVersion:   Private-Geometry (6EACA3D4-40EC-4CC1-B786-8BED09428FC5): 3
LogDevObjectVersion:   Dev-AnimPhys (29E575DD-E0A3-4627-9D10-D276232CDCEA): 17
LogDevObjectVersion:   Dev-Anim (AF43A65D-7FD3-4947-9873-3E8ED9C1BB05): 2
LogDevObjectVersion:   Dev-ReflectionCapture (6B266CEC-1EC7-4B8F-A30B-E4D90942FC07): 1
LogDevObjectVersion:   Dev-Automation (0DF73D61-A23F-47EA-B727-89E90C41499A): 1
LogDevObjectVersion:   FortniteMain (601D1886-AC64-4F84-AA16-D3DE0DEAC7D6): 17
LogDevObjectVersion:   Dev-Enterprise (9DFFBCD6-494F-0158-E221-12823C92A888): 4
LogDevObjectVersion:   Dev-Niagara (F2AED0AC-9AFE-416F-8664-AA7FFA26D6FC): 1
LogStreaming: Display: Took  0.004s to delete old logs.
LogInit: Presizing for max 8388607 objects, including 0 objects not considered by GC, pre-allocating 0 bytes for permanent pool.
LogInit: Object subsystem initialized
LogConfig: Setting CVar [[con.DebugEarlyDefault:1]]
LogConfig: Setting CVar [[r.setres:1280x720]]
[2018.12.06-23.06.39:933][  0]LogConfig: Setting CVar [[r.VSync:0]]
[2018.12.06-23.06.39:933][  0]LogConfig: Setting CVar [[r.RHICmdBypass:0]]
[2018.12.06-23.06.39:933][  0]LogConfig: Applying CVar settings from Section [/Script/Engine.RendererSettings] File [E:/Epic Game/Notrepremierjeu/Saved/Config/Windows/Engine.ini]
[2018.12.06-23.06.39:933][  0]LogConfig: Setting CVar [[r.GPUCrashDebugging:0]]
[2018.12.06-23.06.39:933][  0]LogConfig: Applying CVar settings from Section [/Script/Engine.RendererOverrideSettings] File [E:/Epic Game/Notrepremierjeu/Saved/Config/Windows/Engine.ini]
[2018.12.06-23.06.39:933][  0]LogConfig: Applying CVar settings from Section [/Script/Engine.StreamingSettings] File [E:/Epic Game/Notrepremierjeu/Saved/Config/Windows/Engine.ini]
[2018.12.06-23.06.39:934][  0]LogConfig: Setting CVar [[s.MinBulkDataSizeForAsyncLoading:131072]]
[2018.12.06-23.06.39:934][  0]LogConfig: Setting CVar [[s.AsyncLoadingThreadEnabled:0]]
[2018.12.06-23.06.39:934][  0]LogConfig: Setting CVar [[s.EventDrivenLoaderEnabled:1]]
[2018.12.06-23.06.39:934][  0]LogConfig: Setting CVar [[s.WarnIfTimeLimitExceeded:0]]
[2018.12.06-23.06.39:934][  0]LogConfig: Setting CVar [[s.TimeLimitExceededMultiplier:1.5]]
[2018.12.06-23.06.39:934][  0]LogConfig: Setting CVar [[s.TimeLimitExceededMinTime:0.005]]
[2018.12.06-23.06.39:934][  0]LogConfig: Setting CVar [[s.UseBackgroundLevelStreaming:1]]
[2018.12.06-23.06.39:934][  0]LogConfig: Setting CVar [[s.PriorityAsyncLoadingExtraTime:15.0]]
[2018.12.06-23.06.39:934][  0]LogConfig: Setting CVar [[s.LevelStreamingActorsUpdateTimeLimit:5.0]]
[2018.12.06-23.06.39:934][  0]LogConfig: Setting CVar [[s.PriorityLevelStreamingActorsUpdateExtraTime:5.0]]
[2018.12.06-23.06.39:934][  0]LogConfig: Setting CVar [[s.LevelStreamingComponentsRegistrationGranularity:10]]
[2018.12.06-23.06.39:934][  0]LogConfig: Setting CVar [[s.UnregisterComponentsTimeLimit:1.0]]
[2018.12.06-23.06.39:934][  0]LogConfig: Setting CVar [[s.LevelStreamingComponentsUnregistrationGranularity:5]]
[2018.12.06-23.06.39:934][  0]LogConfig: Applying CVar settings from Section [/Script/Engine.GarbageCollectionSettings] File [E:/Epic Game/Notrepremierjeu/Saved/Config/Windows/Engine.ini]
[2018.12.06-23.06.39:934][  0]LogConfig: Setting CVar [[gc.MaxObjectsNotConsideredByGC:1]]
[2018.12.06-23.06.39:934][  0]LogConfig: Setting CVar [[gc.SizeOfPermanentObjectPool:0]]
[2018.12.06-23.06.39:934][  0]LogConfig: Setting CVar [[gc.FlushStreamingOnGC:0]]
[2018.12.06-23.06.39:934][  0]LogConfig: Setting CVar [[gc.NumRetriesBeforeForcingGC:10]]
[2018.12.06-23.06.39:934][  0]LogConfig: Setting CVar [[gc.AllowParallelGC:1]]
[2018.12.06-23.06.39:934][  0]LogConfig: Setting CVar [[gc.TimeBetweenPurgingPendingKillObjects:61.1]]
[2018.12.06-23.06.39:934][  0]LogConfig: Setting CVar [[gc.MaxObjectsInEditor:8388607]]
[2018.12.06-23.06.39:934][  0]LogConfig: Setting CVar [[gc.IncrementalBeginDestroyEnabled:1]]
[2018.12.06-23.06.39:934][  0]LogConfig: Setting CVar [[gc.CreateGCClusters:1]]
[2018.12.06-23.06.39:934][  0]LogConfig: Setting CVar [[gc.MergeGCClusters:0]]
[2018.12.06-23.06.39:934][  0]LogConfig: Setting CVar [[gc.MinGCClusterSize:5]]
[2018.12.06-23.06.39:934][  0]LogConfig: Setting CVar [[gc.ActorClusteringEnabled:0]]
[2018.12.06-23.06.39:934][  0]LogConfig: Setting CVar [[gc.BlueprintClusteringEnabled:0]]
[2018.12.06-23.06.39:934][  0]LogConfig: Setting CVar [[gc.UseDisregardForGCOnDedicatedServers:0]]
[2018.12.06-23.06.39:934][  0]LogConfig: Applying CVar settings from Section [/Script/Engine.NetworkSettings] File [E:/Epic Game/Notrepremierjeu/Saved/Config/Windows/Engine.ini]
[2018.12.06-23.06.39:934][  0]LogConfig: Applying CVar settings from Section [/Script/UnrealEd.CookerSettings] File [E:/Epic Game/Notrepremierjeu/Saved/Config/Windows/Engine.ini]
[2018.12.06-23.06.39:942][  0]LogConfig: Applying CVar settings from Section [ViewDistanceQuality@3] File [E:/Epic Game/Notrepremierjeu/Saved/Config/Windows/Scalability.ini]
[2018.12.06-23.06.39:942][  0]LogConfig: Setting CVar [[r.SkeletalMeshLODBias:0]]
[2018.12.06-23.06.39:942][  0]LogConfig: Setting CVar [[r.ViewDistanceScale:1.0]]
[2018.12.06-23.06.39:942][  0]LogConfig: Applying CVar settings from Section [AntiAliasingQuality@3] File [E:/Epic Game/Notrepremierjeu/Saved/Config/Windows/Scalability.ini]
[2018.12.06-23.06.39:942][  0]LogConfig: Setting CVar [[r.PostProcessAAQuality:4]]
[2018.12.06-23.06.39:942][  0]LogConfig: Applying CVar settings from Section [ShadowQuality@3] File [E:/Epic Game/Notrepremierjeu/Saved/Config/Windows/Scalability.ini]
[2018.12.06-23.06.39:942][  0]LogConfig: Setting CVar [[r.LightFunctionQuality:1]]
[2018.12.06-23.06.39:942][  0]LogConfig: Setting CVar [[r.ShadowQuality:5]]
[2018.12.06-23.06.39:942][  0]LogConfig: Setting CVar [[r.Shadow.CSM.MaxCascades:10]]
[2018.12.06-23.06.39:942][  0]LogConfig: Setting CVar [[r.Shadow.MaxResolution:2048]]
[2018.12.06-23.06.39:942][  0]LogConfig: Setting CVar [[r.Shadow.MaxCSMResolution:2048]]
[2018.12.06-23.06.39:942][  0]LogConfig: Setting CVar [[r.Shadow.RadiusThreshold:0.01]]
[2018.12.06-23.06.39:942][  0]LogConfig: Setting CVar [[r.Shadow.DistanceScale:1.0]]
[2018.12.06-23.06.39:942][  0]LogConfig: Setting CVar [[r.Shadow.CSM.TransitionScale:1.0]]
[2018.12.06-23.06.39:942][  0]LogConfig: Setting CVar [[r.Shadow.PreShadowResolutionFactor:1.0]]
[2018.12.06-23.06.39:942][  0]LogConfig: Setting CVar [[r.DistanceFieldShadowing:1]]
[2018.12.06-23.06.39:942][  0]LogConfig: Setting CVar [[r.DistanceFieldAO:1]]
[2018.12.06-23.06.39:942][  0]LogConfig: Setting CVar [[r.AOQuality:2]]
[2018.12.06-23.06.39:942][  0]LogConfig: Setting CVar [[r.VolumetricFog:1]]
[2018.12.06-23.06.39:942][  0]LogConfig: Setting CVar [[r.VolumetricFog.GridPixelSize:8]]
[2018.12.06-23.06.39:943][  0]LogConfig: Setting CVar [[r.VolumetricFog.GridSizeZ:128]]
[2018.12.06-23.06.39:943][  0]LogConfig: Setting CVar [[r.VolumetricFog.HistoryMissSupersampleCount:4]]
[2018.12.06-23.06.39:943][  0]LogConfig: Setting CVar [[r.LightMaxDrawDistanceScale:1]]
[2018.12.06-23.06.39:943][  0]LogConfig: Setting CVar [[r.CapsuleShadows:1]]
[2018.12.06-23.06.39:943][  0]LogConfig: Applying CVar settings from Section [PostProcessQuality@3] File [E:/Epic Game/Notrepremierjeu/Saved/Config/Windows/Scalability.ini]
[2018.12.06-23.06.39:943][  0]LogConfig: Setting CVar [[r.MotionBlurQuality:4]]
[2018.12.06-23.06.39:943][  0]LogConfig: Setting CVar [[r.AmbientOcclusionMipLevelFactor:0.4]]
[2018.12.06-23.06.39:943][  0]LogConfig: Setting CVar [[r.AmbientOcclusionMaxQuality:100]]
[2018.12.06-23.06.39:943][  0]LogConfig: Setting CVar [[r.AmbientOcclusionLevels:-1]]
[2018.12.06-23.06.39:943][  0]LogConfig: Setting CVar [[r.AmbientOcclusionRadiusScale:1.0]]
[2018.12.06-23.06.39:943][  0]LogConfig: Setting CVar [[r.DepthOfFieldQuality:2]]
[2018.12.06-23.06.39:943][  0]LogConfig: Setting CVar [[r.RenderTargetPoolMin:400]]
[2018.12.06-23.06.39:943][  0]LogConfig: Setting CVar [[r.LensFlareQuality:2]]
[2018.12.06-23.06.39:943][  0]LogConfig: Setting CVar [[r.SceneColorFringeQuality:1]]
[2018.12.06-23.06.39:943][  0]LogConfig: Setting CVar [[r.EyeAdaptationQuality:2]]
[2018.12.06-23.06.39:943][  0]LogConfig: Setting CVar [[r.BloomQuality:5]]
[2018.12.06-23.06.39:943][  0]LogConfig: Setting CVar [[r.FastBlurThreshold:100]]
[2018.12.06-23.06.39:943][  0]LogConfig: Setting CVar [[r.Upscale.Quality:3]]
[2018.12.06-23.06.39:943][  0]LogConfig: Setting CVar [[r.Tonemapper.GrainQuantization:1]]
[2018.12.06-23.06.39:943][  0]LogConfig: Setting CVar [[r.LightShaftQuality:1]]
[2018.12.06-23.06.39:943][  0]LogConfig: Setting CVar [[r.Filter.SizeScale:1]]
[2018.12.06-23.06.39:943][  0]LogConfig: Setting CVar [[r.Tonemapper.Quality:5]]
[2018.12.06-23.06.39:943][  0]LogConfig: Setting CVar [[r.DOF.Gather.AccumulatorQuality:1        ; higher gathering accumulator quality]]
[2018.12.06-23.06.39:943][  0]LogConfig: Setting CVar [[r.DOF.Gather.PostfilterMethod:1          ; Median3x3 postfilering method]]
[2018.12.06-23.06.39:943][  0]LogConfig: Setting CVar [[r.DOF.Gather.EnableBokehSettings:0       ; no bokeh simulation when gathering]]
[2018.12.06-23.06.39:943][  0]LogConfig: Setting CVar [[r.DOF.Gather.RingCount:4                 ; medium number of samples when gathering]]
[2018.12.06-23.06.39:943][  0]LogConfig: Setting CVar [[r.DOF.Scatter.ForegroundCompositing:1    ; additive foreground scattering]]
[2018.12.06-23.06.39:943][  0]LogConfig: Setting CVar [[r.DOF.Scatter.BackgroundCompositing:2    ; additive background scattering]]
[2018.12.06-23.06.39:943][  0]LogConfig: Setting CVar [[r.DOF.Scatter.EnableBokehSettings:1      ; bokeh simulation when scattering]]
[2018.12.06-23.06.39:943][  0]LogConfig: Setting CVar [[r.DOF.Scatter.MaxSpriteRatio:0.1         ; only a maximum of 10% of scattered bokeh]]
[2018.12.06-23.06.39:943][  0]LogConfig: Setting CVar [[r.DOF.Recombine.Quality:1                ; cheap slight out of focus]]
[2018.12.06-23.06.39:944][  0]LogConfig: Setting CVar [[r.DOF.Recombine.EnableBokehSettings:0    ; no bokeh simulation on slight out of focus]]
[2018.12.06-23.06.39:944][  0]LogConfig: Setting CVar [[r.DOF.TemporalAAQuality:1                ; more stable temporal accumulation]]
[2018.12.06-23.06.39:944][  0]LogConfig: Setting CVar [[r.DOF.Kernel.MaxForegroundRadius:0.025]]
[2018.12.06-23.06.39:944][  0]LogConfig: Setting CVar [[r.DOF.Kernel.MaxBackgroundRadius:0.025]]
[2018.12.06-23.06.39:944][  0]LogConfig: Applying CVar settings from Section [TextureQuality@3] File [E:/Epic Game/Notrepremierjeu/Saved/Config/Windows/Scalability.ini]
[2018.12.06-23.06.39:944][  0]LogConfig: Setting CVar [[r.Streaming.MipBias:0]]
[2018.12.06-23.06.39:944][  0]LogConfig: Setting CVar [[r.Streaming.AmortizeCPUToGPUCopy:0]]
[2018.12.06-23.06.39:944][  0]LogConfig: Setting CVar [[r.Streaming.MaxNumTexturesToStreamPerFrame:0]]
[2018.12.06-23.06.39:944][  0]LogConfig: Setting CVar [[r.Streaming.Boost:1]]
[2018.12.06-23.06.39:944][  0]LogConfig: Setting CVar [[r.MaxAnisotropy:8]]
[2018.12.06-23.06.39:944][  0]LogConfig: Setting CVar [[r.Streaming.LimitPoolSizeToVRAM:0]]
[2018.12.06-23.06.39:944][  0]LogConfig: Setting CVar [[r.Streaming.PoolSize:1000]]
[2018.12.06-23.06.39:944][  0]LogConfig: Setting CVar [[r.Streaming.MaxEffectiveScreenSize:0]]
[2018.12.06-23.06.39:944][  0]LogConfig: Applying CVar settings from Section [EffectsQuality@3] File [E:/Epic Game/Notrepremierjeu/Saved/Config/Windows/Scalability.ini]
[2018.12.06-23.06.39:944][  0]LogConfig: Setting CVar [[r.TranslucencyLightingVolumeDim:64]]
[2018.12.06-23.06.39:944][  0]LogConfig: Setting CVar [[r.RefractionQuality:2]]
[2018.12.06-23.06.39:944][  0]LogConfig: Setting CVar [[r.SSR.Quality:3]]
[2018.12.06-23.06.39:944][  0]LogConfig: Setting CVar [[r.SceneColorFormat:4]]
[2018.12.06-23.06.39:944][  0]LogConfig: Setting CVar [[r.DetailMode:2]]
[2018.12.06-23.06.39:944][  0]LogConfig: Setting CVar [[r.TranslucencyVolumeBlur:1]]
[2018.12.06-23.06.39:944][  0]LogConfig: Setting CVar [[r.MaterialQualityLevel:1 ; High quality]]
[2018.12.06-23.06.39:944][  0]LogConfig: Setting CVar [[r.SSS.Scale:1]]
[2018.12.06-23.06.39:944][  0]LogConfig: Setting CVar [[r.SSS.SampleSet:2]]
[2018.12.06-23.06.39:944][  0]LogConfig: Setting CVar [[r.SSS.Quality:1]]
[2018.12.06-23.06.39:944][  0]LogConfig: Setting CVar [[r.SSS.HalfRes:1]]
[2018.12.06-23.06.39:944][  0]LogConfig: Setting CVar [[r.EmitterSpawnRateScale:1.0]]
[2018.12.06-23.06.39:944][  0]LogConfig: Setting CVar [[r.ParticleLightQuality:2]]
[2018.12.06-23.06.39:944][  0]LogConfig: Applying CVar settings from Section [FoliageQuality@3] File [E:/Epic Game/Notrepremierjeu/Saved/Config/Windows/Scalability.ini]
[2018.12.06-23.06.39:945][  0]LogConfig: Setting CVar [[foliage.DensityScale:1.0]]
[2018.12.06-23.06.39:945][  0]LogConfig: Setting CVar [[grass.DensityScale:1.0]]
[2018.12.06-23.06.39:945][  0]LogInit: Selected Device Profile: [Windows]
[2018.12.06-23.06.39:945][  0]LogInit: Applying CVar settings loaded from the selected device profile: [Windows]
[2018.12.06-23.06.39:969][  0]LogHAL: Display: Platform has ~ 32 GB [34315653120 / 34359738368 / 32], which maps to Largest [LargestMinGB=32, LargerMinGB=12, DefaultMinGB=8, SmallerMinGB=6, SmallestMinGB=0)
[2018.12.06-23.06.39:970][  0]LogConfig: Setting CVar [[r.Vulkan.UseRealUBs:1]]
[2018.12.06-23.06.39:970][  0]LogInit: Going up to parent DeviceProfile []
[2018.12.06-23.06.39:970][  0]LogConfig: Applying CVar settings from Section [ViewDistanceQuality@3] File [E:/Epic Game/Notrepremierjeu/Saved/Config/Windows/Scalability.ini]
[2018.12.06-23.06.39:970][  0]LogConfig: Setting CVar [[r.SkeletalMeshLODBias:0]]
[2018.12.06-23.06.39:970][  0]LogConfig: Setting CVar [[r.ViewDistanceScale:1.0]]
[2018.12.06-23.06.39:970][  0]LogConfig: Applying CVar settings from Section [AntiAliasingQuality@3] File [E:/Epic Game/Notrepremierjeu/Saved/Config/Windows/Scalability.ini]
[2018.12.06-23.06.39:970][  0]LogConfig: Setting CVar [[r.PostProcessAAQuality:4]]
[2018.12.06-23.06.39:970][  0]LogConfig: Applying CVar settings from Section [ShadowQuality@3] File [E:/Epic Game/Notrepremierjeu/Saved/Config/Windows/Scalability.ini]
[2018.12.06-23.06.39:970][  0]LogConfig: Setting CVar [[r.LightFunctionQuality:1]]
[2018.12.06-23.06.39:970][  0]LogConfig: Setting CVar [[r.ShadowQuality:5]]
[2018.12.06-23.06.39:970][  0]LogConfig: Setting CVar [[r.Shadow.CSM.MaxCascades:10]]
[2018.12.06-23.06.39:970][  0]LogConfig: Setting CVar [[r.Shadow.MaxResolution:2048]]
[2018.12.06-23.06.39:970][  0]LogConfig: Setting CVar [[r.Shadow.MaxCSMResolution:2048]]
[2018.12.06-23.06.39:970][  0]LogConfig: Setting CVar [[r.Shadow.RadiusThreshold:0.01]]
[2018.12.06-23.06.39:970][  0]LogConfig: Setting CVar [[r.Shadow.DistanceScale:1.0]]
[2018.12.06-23.06.39:970][  0]LogConfig: Setting CVar [[r.Shadow.CSM.TransitionScale:1.0]]
[2018.12.06-23.06.39:970][  0]LogConfig: Setting CVar [[r.Shadow.PreShadowResolutionFactor:1.0]]
[2018.12.06-23.06.39:970][  0]LogConfig: Setting CVar [[r.DistanceFieldShadowing:1]]
[2018.12.06-23.06.39:970][  0]LogConfig: Setting CVar [[r.DistanceFieldAO:1]]
[2018.12.06-23.06.39:970][  0]LogConfig: Setting CVar [[r.AOQuality:2]]
[2018.12.06-23.06.39:970][  0]LogConfig: Setting CVar [[r.VolumetricFog:1]]
[2018.12.06-23.06.39:970][  0]LogConfig: Setting CVar [[r.VolumetricFog.GridPixelSize:8]]
[2018.12.06-23.06.39:970][  0]LogConfig: Setting CVar [[r.VolumetricFog.GridSizeZ:128]]
[2018.12.06-23.06.39:970][  0]LogConfig: Setting CVar [[r.VolumetricFog.HistoryMissSupersampleCount:4]]
[2018.12.06-23.06.39:970][  0]LogConfig: Setting CVar [[r.LightMaxDrawDistanceScale:1]]
[2018.12.06-23.06.39:970][  0]LogConfig: Setting CVar [[r.CapsuleShadows:1]]
[2018.12.06-23.06.39:970][  0]LogConfig: Applying CVar settings from Section [PostProcessQuality@3] File [E:/Epic Game/Notrepremierjeu/Saved/Config/Windows/Scalability.ini]
[2018.12.06-23.06.39:970][  0]LogConfig: Setting CVar [[r.MotionBlurQuality:4]]
[2018.12.06-23.06.39:970][  0]LogConfig: Setting CVar [[r.AmbientOcclusionMipLevelFactor:0.4]]
[2018.12.06-23.06.39:970][  0]LogConfig: Setting CVar [[r.AmbientOcclusionMaxQuality:100]]
[2018.12.06-23.06.39:970][  0]LogConfig: Setting CVar [[r.AmbientOcclusionLevels:-1]]
[2018.12.06-23.06.39:970][  0]LogConfig: Setting CVar [[r.AmbientOcclusionRadiusScale:1.0]]
[2018.12.06-23.06.39:970][  0]LogConfig: Setting CVar [[r.DepthOfFieldQuality:2]]
[2018.12.06-23.06.39:970][  0]LogConfig: Setting CVar [[r.RenderTargetPoolMin:400]]
[2018.12.06-23.06.39:970][  0]LogConfig: Setting CVar [[r.LensFlareQuality:2]]
[2018.12.06-23.06.39:970][  0]LogConfig: Setting CVar [[r.SceneColorFringeQuality:1]]
[2018.12.06-23.06.39:971][  0]LogConfig: Setting CVar [[r.EyeAdaptationQuality:2]]
[2018.12.06-23.06.39:971][  0]LogConfig: Setting CVar [[r.BloomQuality:5]]
[2018.12.06-23.06.39:971][  0]LogConfig: Setting CVar [[r.FastBlurThreshold:100]]
[2018.12.06-23.06.39:971][  0]LogConfig: Setting CVar [[r.Upscale.Quality:3]]
[2018.12.06-23.06.39:971][  0]LogConfig: Setting CVar [[r.Tonemapper.GrainQuantization:1]]
[2018.12.06-23.06.39:971][  0]LogConfig: Setting CVar [[r.LightShaftQuality:1]]
[2018.12.06-23.06.39:971][  0]LogConfig: Setting CVar [[r.Filter.SizeScale:1]]
[2018.12.06-23.06.39:971][  0]LogConfig: Setting CVar [[r.Tonemapper.Quality:5]]
[2018.12.06-23.06.39:971][  0]LogConfig: Setting CVar [[r.DOF.Gather.AccumulatorQuality:1        ; higher gathering accumulator quality]]
[2018.12.06-23.06.39:971][  0]LogConfig: Setting CVar [[r.DOF.Gather.PostfilterMethod:1          ; Median3x3 postfilering method]]
[2018.12.06-23.06.39:971][  0]LogConfig: Setting CVar [[r.DOF.Gather.EnableBokehSettings:0       ; no bokeh simulation when gathering]]
[2018.12.06-23.06.39:971][  0]LogConfig: Setting CVar [[r.DOF.Gather.RingCount:4                 ; medium number of samples when gathering]]
[2018.12.06-23.06.39:971][  0]LogConfig: Setting CVar [[r.DOF.Scatter.ForegroundCompositing:1    ; additive foreground scattering]]
[2018.12.06-23.06.39:971][  0]LogConfig: Setting CVar [[r.DOF.Scatter.BackgroundCompositing:2    ; additive background scattering]]
[2018.12.06-23.06.39:971][  0]LogConfig: Setting CVar [[r.DOF.Scatter.EnableBokehSettings:1      ; bokeh simulation when scattering]]
[2018.12.06-23.06.39:971][  0]LogConfig: Setting CVar [[r.DOF.Scatter.MaxSpriteRatio:0.1         ; only a maximum of 10% of scattered bokeh]]
[2018.12.06-23.06.39:971][  0]LogConfig: Setting CVar [[r.DOF.Recombine.Quality:1                ; cheap slight out of focus]]
[2018.12.06-23.06.39:971][  0]LogConfig: Setting CVar [[r.DOF.Recombine.EnableBokehSettings:0    ; no bokeh simulation on slight out of focus]]
[2018.12.06-23.06.39:971][  0]LogConfig: Setting CVar [[r.DOF.TemporalAAQuality:1                ; more stable temporal accumulation]]
[2018.12.06-23.06.39:971][  0]LogConfig: Setting CVar [[r.DOF.Kernel.MaxForegroundRadius:0.025]]
[2018.12.06-23.06.39:971][  0]LogConfig: Setting CVar [[r.DOF.Kernel.MaxBackgroundRadius:0.025]]
[2018.12.06-23.06.39:971][  0]LogConfig: Applying CVar settings from Section [TextureQuality@3] File [E:/Epic Game/Notrepremierjeu/Saved/Config/Windows/Scalability.ini]
[2018.12.06-23.06.39:971][  0]LogConfig: Setting CVar [[r.Streaming.MipBias:0]]
[2018.12.06-23.06.39:971][  0]LogConfig: Setting CVar [[r.Streaming.AmortizeCPUToGPUCopy:0]]
[2018.12.06-23.06.39:971][  0]LogConfig: Setting CVar [[r.Streaming.MaxNumTexturesToStreamPerFrame:0]]
[2018.12.06-23.06.39:971][  0]LogConfig: Setting CVar [[r.Streaming.Boost:1]]
[2018.12.06-23.06.39:971][  0]LogConfig: Setting CVar [[r.MaxAnisotropy:8]]
[2018.12.06-23.06.39:971][  0]LogConfig: Setting CVar [[r.Streaming.LimitPoolSizeToVRAM:0]]
[2018.12.06-23.06.39:971][  0]LogConfig: Setting CVar [[r.Streaming.PoolSize:1000]]
[2018.12.06-23.06.39:971][  0]LogConfig: Setting CVar [[r.Streaming.MaxEffectiveScreenSize:0]]
[2018.12.06-23.06.39:971][  0]LogConfig: Applying CVar settings from Section [EffectsQuality@3] File [E:/Epic Game/Notrepremierjeu/Saved/Config/Windows/Scalability.ini]
[2018.12.06-23.06.39:971][  0]LogConfig: Setting CVar [[r.TranslucencyLightingVolumeDim:64]]
[2018.12.06-23.06.39:971][  0]LogConfig: Setting CVar [[r.RefractionQuality:2]]
[2018.12.06-23.06.39:971][  0]LogConfig: Setting CVar [[r.SSR.Quality:3]]
[2018.12.06-23.06.39:971][  0]LogConfig: Setting CVar [[r.SceneColorFormat:4]]
[2018.12.06-23.06.39:971][  0]LogConfig: Setting CVar [[r.DetailMode:2]]
[2018.12.06-23.06.39:971][  0]LogConfig: Setting CVar [[r.TranslucencyVolumeBlur:1]]
[2018.12.06-23.06.39:971][  0]LogConfig: Setting CVar [[r.MaterialQualityLevel:1 ; High quality]]
[2018.12.06-23.06.39:971][  0]LogConfig: Setting CVar [[r.SSS.Scale:1]]
[2018.12.06-23.06.39:971][  0]LogConfig: Setting CVar [[r.SSS.SampleSet:2]]
[2018.12.06-23.06.39:971][  0]LogConfig: Setting CVar [[r.SSS.Quality:1]]
[2018.12.06-23.06.39:971][  0]LogConfig: Setting CVar [[r.SSS.HalfRes:1]]
[2018.12.06-23.06.39:971][  0]LogConfig: Setting CVar [[r.EmitterSpawnRateScale:1.0]]
[2018.12.06-23.06.39:971][  0]LogConfig: Setting CVar [[r.ParticleLightQuality:2]]
[2018.12.06-23.06.39:971][  0]LogConfig: Applying CVar settings from Section [FoliageQuality@3] File [E:/Epic Game/Notrepremierjeu/Saved/Config/Windows/Scalability.ini]
[2018.12.06-23.06.39:971][  0]LogConfig: Setting CVar [[foliage.DensityScale:1.0]]
[2018.12.06-23.06.39:971][  0]LogConfig: Setting CVar [[grass.DensityScale:1.0]]
[2018.12.06-23.06.39:971][  0]LogConfig: Applying CVar settings from Section [Startup] File [../../../Engine/Config/ConsoleVariables.ini]
[2018.12.06-23.06.39:972][  0]LogConfig: Setting CVar [[net.UseAdaptiveNetUpdateFrequency:0]]
[2018.12.06-23.06.39:972][  0]LogConfig: Applying CVar settings from Section [ConsoleVariables] File [E:/Epic Game/Notrepremierjeu/Saved/Config/Windows/Engine.ini]
[2018.12.06-23.06.39:972][  0]LogInit: Computer: MICHAEL-PC
[2018.12.06-23.06.39:972][  0]LogInit: User: cabra
[2018.12.06-23.06.39:972][  0]LogInit: CPU Page size=4096, Cores=4
[2018.12.06-23.06.39:972][  0]LogInit: High frequency timer resolution =3.410232 MHz
[2018.12.06-23.06.39:972][  0]LogMemory: Memory total: Physical=32.0GB (32GB approx)
[2018.12.06-23.06.39:972][  0]LogMemory: Platform Memory Stats for Windows
[2018.12.06-23.06.39:972][  0]LogMemory: Process Physical Memory: 101.66 MB used, 101.66 MB peak
[2018.12.06-23.06.39:972][  0]LogMemory: Process Virtual Memory: 91.31 MB used, 91.31 MB peak
[2018.12.06-23.06.39:972][  0]LogMemory: Physical Memory: 7631.43 MB used,  25094.53 MB free, 32725.96 MB total
[2018.12.06-23.06.39:972][  0]LogMemory: Virtual Memory: 4652.63 MB used,  134213072.00 MB free, 134217728.00 MB total
[2018.12.06-23.06.40:007][  0]LogInit: Using OS detected language (fr-FR).
[2018.12.06-23.06.40:007][  0]LogInit: Using OS detected locale (fr-FR).
[2018.12.06-23.06.40:008][  0]LogTextLocalizationManager: No specific localization for 'fr-FR' exists, so the 'fr' localization will be used.
[2018.12.06-23.06.40:010][  0]LogStreaming: Display: Took  0.003s to InitEngineTextLocalization.
[2018.12.06-23.06.40:010][  0]LogInit: Setting process to per monitor DPI aware
[2018.12.06-23.06.40:067][  0]LogSlate: New Slate User Created.  User Index 0, Is Virtual User: 0
[2018.12.06-23.06.40:067][  0]LogSlate: Slate User Registered.  User Index 0, Is Virtual User: 0
[2018.12.06-23.06.40:346][  0]LogHMD: Failed to initialize OpenVR with code 110
[2018.12.06-23.06.40:346][  0]LogD3D11RHI: D3D11 adapters:
[2018.12.06-23.06.40:412][  0]LogD3D11RHI:    0. 'NVIDIA GeForce GTX 680' (Feature Level 11_0)
[2018.12.06-23.06.40:412][  0]LogD3D11RHI:       2007/0/16362 MB DedicatedVideo/DedicatedSystem/SharedSystem, Outputs:2, VendorId:0x10de
[2018.12.06-23.06.40:415][  0]LogD3D11RHI:    1. 'Microsoft Basic Render Driver' (Feature Level 11_0)
[2018.12.06-23.06.40:415][  0]LogD3D11RHI:       0/0/16362 MB DedicatedVideo/DedicatedSystem/SharedSystem, Outputs:0, VendorId:0x1414
[2018.12.06-23.06.40:415][  0]LogD3D11RHI: Chosen D3D11 Adapter: 0
[2018.12.06-23.06.40:425][  0]LogD3D11RHI: Creating new Direct3DDevice
[2018.12.06-23.06.40:425][  0]LogD3D11RHI:     GPU DeviceId: 0x1180 (for the marketing name, search the web for "GPU Device Id")
[2018.12.06-23.06.40:425][  0]LogWindows: EnumDisplayDevices:
[2018.12.06-23.06.40:426][  0]LogWindows:    0. 'NVIDIA GeForce GTX 680' (P:1 D:1)
[2018.12.06-23.06.40:426][  0]LogWindows:    1. 'NVIDIA GeForce GTX 680' (P:0 D:1)
[2018.12.06-23.06.40:427][  0]LogWindows:    2. 'NVIDIA GeForce GTX 680' (P:0 D:0)
[2018.12.06-23.06.40:427][  0]LogWindows:    3. 'NVIDIA GeForce GTX 680' (P:0 D:0)
[2018.12.06-23.06.40:427][  0]LogWindows: DebugString: FoundDriverCount:4 
[2018.12.06-23.06.40:427][  0]LogD3D11RHI:     Adapter Name: NVIDIA GeForce GTX 680
[2018.12.06-23.06.40:427][  0]LogD3D11RHI:   Driver Version: 390.77 (internal:23.21.13.9077, unified:390.77)
[2018.12.06-23.06.40:427][  0]LogD3D11RHI:      Driver Date: 1-23-2018
[2018.12.06-23.06.40:427][  0]LogRHI: Texture pool is 1405 MB (70% of 2007 MB)
[2018.12.06-23.06.40:477][  0]LogD3D11RHI: Async texture creation enabled
[2018.12.06-23.06.40:516][  0]LogD3D11RHI: GPU Timing Frequency: 1000.000000 (Debug: 2 2)
[2018.12.06-23.06.41:030][  0]LogTemp: Display: Loaded TP AllDesktopTargetPlatform
[2018.12.06-23.06.41:047][  0]LogTemp: Display: Loaded TP MacClientTargetPlatform
[2018.12.06-23.06.41:065][  0]LogTemp: Display: Loaded TP MacNoEditorTargetPlatform
[2018.12.06-23.06.41:080][  0]LogTemp: Display: Loaded TP MacServerTargetPlatform
[2018.12.06-23.06.41:100][  0]LogTemp: Display: Loaded TP MacTargetPlatform
[2018.12.06-23.06.41:116][  0]LogTemp: Display: Loaded TP WindowsClientTargetPlatform
[2018.12.06-23.06.41:136][  0]LogTemp: Display: Loaded TP WindowsNoEditorTargetPlatform
[2018.12.06-23.06.41:154][  0]LogTemp: Display: Loaded TP WindowsServerTargetPlatform
[2018.12.06-23.06.41:163][  0]LogTemp: Display: Loaded TP WindowsTargetPlatform
[2018.12.06-23.06.41:265][  0]LogTemp: Display: Loaded TP AndroidTargetPlatform
[2018.12.06-23.06.41:265][  0]LogTemp: Display: Loaded TP AndroidTargetPlatform
[2018.12.06-23.06.41:265][  0]LogTemp: Display: Loaded TP AndroidTargetPlatform
[2018.12.06-23.06.41:265][  0]LogTemp: Display: Loaded TP AndroidTargetPlatform
[2018.12.06-23.06.41:265][  0]LogTemp: Display: Loaded TP AndroidTargetPlatform
[2018.12.06-23.06.41:265][  0]LogTemp: Display: Loaded TP AndroidTargetPlatform
[2018.12.06-23.06.41:265][  0]LogTemp: Display: Loaded TP AndroidTargetPlatform
[2018.12.06-23.06.41:265][  0]LogTemp: Display: Loaded TP AndroidTargetPlatform
[2018.12.06-23.06.41:265][  0]LogTemp: Display: Loaded TP AndroidTargetPlatform
[2018.12.06-23.06.41:265][  0]LogTemp: Display: Loaded TP AndroidTargetPlatform
[2018.12.06-23.06.41:266][  0]LogTemp: Display: Loaded TP AndroidTargetPlatform
[2018.12.06-23.06.41:266][  0]LogTemp: Display: Loaded TP AndroidTargetPlatform
[2018.12.06-23.06.41:266][  0]LogTemp: Display: Loaded TP AndroidTargetPlatform
[2018.12.06-23.06.41:266][  0]LogTemp: Display: Loaded TP AndroidTargetPlatform
[2018.12.06-23.06.41:266][  0]LogTemp: Display: Loaded TP AndroidTargetPlatform
[2018.12.06-23.06.41:266][  0]LogTemp: Display: Loaded TP AndroidTargetPlatform
[2018.12.06-23.06.41:266][  0]LogTemp: Display: Loaded TP AndroidTargetPlatform
[2018.12.06-23.06.41:266][  0]LogTemp: Display: Loaded TP AndroidTargetPlatform
[2018.12.06-23.06.41:267][  0]LogTemp: Display: Loaded TP HTML5TargetPlatform
[2018.12.06-23.06.41:337][  0]LogTemp: Display: Loaded TP IOSTargetPlatform
[2018.12.06-23.06.41:337][  0]LogTemp: Display: Loaded TP IOSTargetPlatform
[2018.12.06-23.06.41:369][  0]LogTemp: Display: Loaded TP TVOSTargetPlatform
[2018.12.06-23.06.41:369][  0]LogTemp: Display: Loaded TP TVOSTargetPlatform
[2018.12.06-23.06.41:384][  0]LogTemp: Display: Loaded TP LinuxClientTargetPlatform
[2018.12.06-23.06.41:403][  0]LogTemp: Display: Loaded TP LinuxNoEditorTargetPlatform
[2018.12.06-23.06.41:424][  0]LogTemp: Display: Loaded TP LinuxServerTargetPlatform
[2018.12.06-23.06.41:442][  0]LogTemp: Display: Loaded TP LinuxTargetPlatform
[2018.12.06-23.06.41:503][  0]LogTemp: Display: Loaded TP LuminTargetPlatform
[2018.12.06-23.06.41:504][  0]LogTemp: Display: Loaded TP LuminTargetPlatform
[2018.12.06-23.06.41:504][  0]LogTargetPlatformManager: Display: Building Assets For Windows
[2018.12.06-23.06.41:585][  0]LogShaderCompilers: Guid format shader working directory is 15 characters bigger than the processId version (../../../../../Notrepremierjeu/Intermediate/Shaders/WorkingDirectory/16140/).
[2018.12.06-23.06.41:586][  0]LogShaderCompilers: Cleaned the shader compiler working directory 'C:/Users/cabra/AppData/Local/Temp/UnrealShaderWorkingDir/E38BDDFC497EC01039CADBB1DF740FC7/'.
[2018.12.06-23.06.41:587][  0]LogXGEController: Cleaning working directory: C:/Users/cabra/AppData/Local/Temp/UnrealXGEWorkingDir/
[2018.12.06-23.06.41:588][  0]LogXGEController: Cannot use XGE Controller as Incredibuild is not installed on this machine.
[2018.12.06-23.06.41:588][  0]LogShaderCompilers: Cannot use XGE Shader Compiler as Incredibuild is not installed on this machine.
[2018.12.06-23.06.41:588][  0]LogShaderCompilers: Display: Using Local Shader Compiler.
[2018.12.06-23.06.42:250][  0]LogDerivedDataCache: Display: Max Cache Size: 512 MB
[2018.12.06-23.06.42:333][  0]LogDerivedDataCache: Loaded boot cache 0.08s 71MB C:/Users/cabra/AppData/Local/UnrealEngine/4.21/DerivedDataCache/Boot.ddc.
[2018.12.06-23.06.42:333][  0]LogDerivedDataCache: Display: Loaded Boot cache: C:/Users/cabra/AppData/Local/UnrealEngine/4.21/DerivedDataCache/Boot.ddc
[2018.12.06-23.06.42:333][  0]LogDerivedDataCache: FDerivedDataBackendGraph:  Pak pak cache file ../../../../../Notrepremierjeu/DerivedDataCache/DDC.ddp not found, will not use a pak cache.
[2018.12.06-23.06.42:333][  0]LogDerivedDataCache: Unable to find inner node Pak for hierarchical cache Hierarchy.
[2018.12.06-23.06.42:333][  0]LogDerivedDataCache: FDerivedDataBackendGraph:  CompressedPak pak cache file ../../../../../Notrepremierjeu/DerivedDataCache/Compressed.ddp not found, will not use a pak cache.
[2018.12.06-23.06.42:333][  0]LogDerivedDataCache: Unable to find inner node CompressedPak for hierarchical cache Hierarchy.
[2018.12.06-23.06.42:350][  0]LogDerivedDataCache: Display: Pak cache opened for reading ../../../Engine/DerivedDataCache/Compressed.ddp.
[2018.12.06-23.06.42:350][  0]LogDerivedDataCache: FDerivedDataBackendGraph:  EnterprisePak pak cache file ../../../Enterprise/DerivedDataCache/Compressed.ddp not found, will not use a pak cache.
[2018.12.06-23.06.42:350][  0]LogDerivedDataCache: Unable to find inner node EnterprisePak for hierarchical cache Hierarchy.
[2018.12.06-23.06.42:362][  0]LogDerivedDataCache: Using Local data cache path C:/Users/cabra/AppData/Local/UnrealEngine/Common/DerivedDataCache: Writable
[2018.12.06-23.06.42:362][  0]LogDerivedDataCache: Shared data cache path not found in *engine.ini, will not use an Shared cache.
[2018.12.06-23.06.42:362][  0]LogDerivedDataCache: Unable to find inner node Shared for hierarchical cache Hierarchy.
[2018.12.06-23.06.42:398][  0]LogMaterial: Verifying Global Shaders for PCD3D_SM5
[2018.12.06-23.06.42:401][  0]LogSlate: Using FreeType 2.6.0
[2018.12.06-23.06.42:402][  0]LogSlate: SlateFontServices - WITH_FREETYPE: 1, WITH_HARFBUZZ: 1
[2018.12.06-23.06.42:505][  0]LogAssetRegistry: FAssetRegistry took 0.0382 seconds to start up
[2018.12.06-23.06.43:009][  0]LogInit: Selected Device Profile: [Windows]
[2018.12.06-23.06.43:201][  0]LogSimplygon: Simplygon DLL not present - disabling.
[2018.12.06-23.06.43:208][  0]LogMeshReduction: Using SimplygonSwarm for distributed automatic mesh merging
[2018.12.06-23.06.43:208][  0]LogMeshReduction: Using ProxyLODMeshReduction for automatic mesh merging
[2018.12.06-23.06.43:208][  0]LogMeshReduction: Using QuadricMeshReduction for automatic static mesh reduction
[2018.12.06-23.06.43:208][  0]LogMeshReduction: No automatic skeletal mesh reduction module available
[2018.12.06-23.06.43:230][  0]LogNetVersion: Monjeu 1.0.0, NetCL: 4541578, EngineNetVer: 5, GameNetVer: 0 (Checksum: 372040892)
[2018.12.06-23.06.43:916][  0]LogPackageLocalizationCache: Processed 10 localized package path(s) for 2 prioritized culture(s) in 0.105433 seconds
[2018.12.06-23.06.43:928][  0]LogUObjectArray: 39775 objects as part of root set at end of initial load.
[2018.12.06-23.06.43:928][  0]LogUObjectAllocator: 6914664 out of 0 bytes used by permanent object pool.
[2018.12.06-23.06.43:928][  0]LogUObjectArray: CloseDisregardForGC: 0/0 objects in disregard for GC pool
[2018.12.06-23.06.44:987][  0]LogTcpMessaging: Initializing TcpMessaging bridge
[2018.12.06-23.06.45:003][  0]LogUdpMessaging: Initializing bridge on interface 0.0.0.0:0 to multicast group 230.0.0.1:6666.
[2018.12.06-23.06.45:839][  0]SourceControl: Source control is disabled
[2018.12.06-23.06.46:541][  0]LogAndroidPermission: UAndroidPermissionCallbackProxy::GetInstance
[2018.12.06-23.06.46:643][  0]LogOcInput: OculusInput pre-init called
[2018.12.06-23.06.46:800][  0]LogEngine: Initializing Engine...
[2018.12.06-23.06.46:801][  0]LogHMD: Failed to initialize OpenVR with code 110
[2018.12.06-23.06.46:803][  0]LogStats: UGameplayTagsManager::ConstructGameplayTagTree: ImportINI prefixes -  0.000 s
[2018.12.06-23.06.46:803][  0]LogStats: UGameplayTagsManager::ConstructGameplayTagTree: Construct from data asset -  0.000 s
[2018.12.06-23.06.46:803][  0]LogStats: UGameplayTagsManager::ConstructGameplayTagTree: ImportINI -  0.000 s
[2018.12.06-23.06.46:803][  0]LogStats: UGameplayTagsManager::ConstructGameplayTagTree: GameplayTagTreeChangedEvent.Broadcast -  0.000 s
[2018.12.06-23.06.47:112][  0]LogInit: Initializing FReadOnlyCVARCache
[2018.12.06-23.06.47:128][  0]LogAIModule: Creating AISystem for world Untitled
[2018.12.06-23.06.47:157][  0]LogInit: XAudio2 using 'Haut-parleurs (2- Logitech G930 Gaming Headset)' : 6 channels at 48 kHz using 16 bits per sample (channel mask 0x3f)
[2018.12.06-23.06.47:184][  0]LogInit: FAudioDevice initialized.
[2018.12.06-23.06.47:184][  0]LogNetVersion: Set ProjectVersion to 1.0.0.0. Version Checksum will be recalculated on next use.
[2018.12.06-23.06.47:284][  0]LogDerivedDataCache: Saved boot cache 0.10s 71MB C:/Users/cabra/AppData/Local/UnrealEngine/4.21/DerivedDataCache/Boot.ddc.
[2018.12.06-23.06.47:312][  0]LogInit: Texture streaming: Enabled
[2018.12.06-23.06.47:329][  0]LogEngineSessionManager: EngineSessionManager initialized
[2018.12.06-23.06.47:346][  0]LogInit: Transaction tracking system initialized
[2018.12.06-23.06.47:374][  0]BlueprintLog: New page: Editor Load
[2018.12.06-23.06.47:466][  0]LocalizationService: Localization service is disabled
[2018.12.06-23.06.48:018][  0]LogFileCache: Scanning file cache for directory 'E:/Epic Game/Notrepremierjeu/Content/' took 0.02s
[2018.12.06-23.06.48:018][  0]LogCook: Display: Max memory allowance for cook 16384mb min free memory 0mb
[2018.12.06-23.06.48:018][  0]LogCook: Display: Mobile HDR setting 1
[2018.12.06-23.06.48:018][  0]LogGameplayTags: Display: UGameplayTagsManager::DoneAddingNativeTags. DelegateIsBound: 0
[2018.12.06-23.06.48:018][  0]LogStats: UGameplayTagsManager::ConstructGameplayTagTree: ImportINI prefixes -  0.000 s
[2018.12.06-23.06.48:018][  0]LogStats: UGameplayTagsManager::ConstructGameplayTagTree: Construct from data asset -  0.000 s
[2018.12.06-23.06.48:018][  0]LogStats: UGameplayTagsManager::ConstructGameplayTagTree: ImportINI -  0.000 s
[2018.12.06-23.06.48:018][  0]LogStats: UGameplayTagsManager::ConstructGameplayTagTree: GameplayTagTreeChangedEvent.Broadcast -  0.000 s
[2018.12.06-23.06.48:186][  0]Cmd: MAP LOAD FILE="../../../../../Notrepremierjeu/Content/ThirdPersonBP/Maps/ThirdPersonExampleMap.umap" TEMPLATE=0 SHOWPROGRESS=1 FEATURELEVEL=3
[2018.12.06-23.06.48:186][  0]LightingResults: New page: Lighting Build
[2018.12.06-23.06.48:189][  0]MapCheck: New page: Map Check
[2018.12.06-23.06.48:189][  0]LightingResults: New page: Lighting Build
[2018.12.06-23.06.48:926][  0]LogAIModule: Creating AISystem for world ThirdPersonExampleMap
[2018.12.06-23.06.48:975][  0]LogEditorServer: Finished looking for orphan Actors (0.000 secs)
[2018.12.06-23.06.49:003][  0]Cmd: MAP CHECKDEP NOCLEARLOG
[2018.12.06-23.06.49:003][  0]MapCheck: Map check complete: 0 Error(s), 0 Warning(s), took 0,239ms to complete.
[2018.12.06-23.06.49:003][  0]LogFileHelpers: Loading map 'ThirdPersonExampleMap' took 0.818
[2018.12.06-23.06.49:127][  0]LogSlate: Updating window title bar state: overlay mode, drag disabled, window buttons hidden, title bar hidden
[2018.12.06-23.06.49:145][  0]LogSlate: Updating window title bar state: overlay mode, drag disabled, window buttons hidden, title bar hidden
[2018.12.06-23.06.49:162][  0]LogSlate: Updating window title bar state: overlay mode, drag disabled, window buttons hidden, title bar hidden
[2018.12.06-23.06.49:176][  0]LogSlate: Updating window title bar state: overlay mode, drag disabled, window buttons hidden, title bar hidden
[2018.12.06-23.06.49:184][  0]LogCollectionManager: Loaded 0 collections in 0.001841 seconds
[2018.12.06-23.06.49:202][  0]LogFileCache: Scanning file cache for directory 'E:/Epic Game/Notrepremierjeu/Saved/Collections/' took 0.01s
[2018.12.06-23.06.49:202][  0]LogFileCache: Scanning file cache for directory 'E:/Epic Game/Notrepremierjeu/Content/Developers/cabra/Collections/' took 0.00s
[2018.12.06-23.06.49:202][  0]LogFileCache: Scanning file cache for directory 'E:/Epic Game/Notrepremierjeu/Content/Collections/' took 0.00s
[2018.12.06-23.06.49:202][  0]LogCollectionManager: Rebuilt the GUID cache for 0 collections in 0.000001 seconds
[2018.12.06-23.06.49:224][  0]LogContentBrowser: Native class hierarchy populated in 0.0212 seconds. Added 2605 classes and 609 folders.
[2018.12.06-23.06.49:234][  0]LogContentBrowser: Native class hierarchy updated for 'WidgetCarousel' in 0.0006 seconds. Added 0 classes and 0 folders.
[2018.12.06-23.06.49:236][  0]LogPakFile: Registered encryption key '00000000000000000000000000000000': 0 pak files mounted, 0 remain pending
[2018.12.06-23.06.49:236][  0]LogPakFile: Registered encryption key '00000000000000000000000000000000': 0 pak files mounted, 0 remain pending
[2018.12.06-23.06.49:237][  0]LogPakFile: Registered encryption key '00000000000000000000000000000000': 0 pak files mounted, 0 remain pending
[2018.12.06-23.06.49:237][  0]LogPakFile: Registered encryption key '00000000000000000000000000000000': 0 pak files mounted, 0 remain pending
[2018.12.06-23.06.49:238][  0]LogPakFile: Registered encryption key '00000000000000000000000000000000': 0 pak files mounted, 0 remain pending
[2018.12.06-23.06.49:238][  0]LogPakFile: Registered encryption key '00000000000000000000000000000000': 0 pak files mounted, 0 remain pending
[2018.12.06-23.06.49:239][  0]LogPakFile: Registered encryption key '00000000000000000000000000000000': 0 pak files mounted, 0 remain pending
[2018.12.06-23.06.49:239][  0]LogPakFile: Registered encryption key '00000000000000000000000000000000': 0 pak files mounted, 0 remain pending
[2018.12.06-23.06.49:240][  0]LogPakFile: Registered encryption key '00000000000000000000000000000000': 0 pak files mounted, 0 remain pending
[2018.12.06-23.06.49:240][  0]LogPakFile: Registered encryption key '00000000000000000000000000000000': 0 pak files mounted, 0 remain pending
[2018.12.06-23.06.49:241][  0]LogPakFile: Registered encryption key '00000000000000000000000000000000': 0 pak files mounted, 0 remain pending
[2018.12.06-23.06.49:242][  0]LogPakFile: Registered encryption key '00000000000000000000000000000000': 0 pak files mounted, 0 remain pending
[2018.12.06-23.06.49:243][  0]LogPakFile: Registered encryption key '00000000000000000000000000000000': 0 pak files mounted, 0 remain pending
[2018.12.06-23.06.49:243][  0]LogPakFile: Registered encryption key '00000000000000000000000000000000': 0 pak files mounted, 0 remain pending
[2018.12.06-23.06.49:244][  0]LogPakFile: Registered encryption key '00000000000000000000000000000000': 0 pak files mounted, 0 remain pending
[2018.12.06-23.06.49:245][  0]LogPakFile: Registered encryption key '00000000000000000000000000000000': 0 pak files mounted, 0 remain pending
[2018.12.06-23.06.49:245][  0]LogPakFile: Registered encryption key '00000000000000000000000000000000': 0 pak files mounted, 0 remain pending
[2018.12.06-23.06.49:246][  0]LogPakFile: Registered encryption key '00000000000000000000000000000000': 0 pak files mounted, 0 remain pending
[2018.12.06-23.06.49:246][  0]LogPakFile: Registered encryption key '00000000000000000000000000000000': 0 pak files mounted, 0 remain pending
[2018.12.06-23.06.49:247][  0]LogPakFile: Registered encryption key '00000000000000000000000000000000': 0 pak files mounted, 0 remain pending
[2018.12.06-23.06.49:248][  0]LogPakFile: Registered encryption key '00000000000000000000000000000000': 0 pak files mounted, 0 remain pending
[2018.12.06-23.06.49:248][  0]LogPakFile: Registered encryption key '00000000000000000000000000000000': 0 pak files mounted, 0 remain pending
[2018.12.06-23.06.49:249][  0]LogPakFile: Registered encryption key '00000000000000000000000000000000': 0 pak files mounted, 0 remain pending
[2018.12.06-23.06.49:249][  0]LogPakFile: Registered encryption key '00000000000000000000000000000000': 0 pak files mounted, 0 remain pending
[2018.12.06-23.06.49:250][  0]LogPakFile: Registered encryption key '00000000000000000000000000000000': 0 pak files mounted, 0 remain pending
[2018.12.06-23.06.49:250][  0]LogPakFile: Registered encryption key '00000000000000000000000000000000': 0 pak files mounted, 0 remain pending
[2018.12.06-23.06.49:295][  0]LogContentBrowser: Native class hierarchy updated for 'AddContentDialog' in 0.0006 seconds. Added 0 classes and 0 folders.
[2018.12.06-23.06.49:301][  0]LogContentBrowser: Native class hierarchy updated for 'SceneOutliner' in 0.0004 seconds. Added 1 classes and 2 folders.
[2018.12.06-23.06.49:322][  0]LogSlate: Took 0.000242 seconds to synchronously load lazily loaded font '../../../Engine/Content/Slate/Fonts/Roboto-Regular.ttf' (155K)
[2018.12.06-23.06.49:326][  0]LogSlate: Took 0.000338 seconds to synchronously load lazily loaded font '../../../Engine/Content/Slate/Fonts/Roboto-Bold.ttf' (160K)
[2018.12.06-23.06.49:336][  0]LogSlate: Took 0.000339 seconds to synchronously load lazily loaded font '../../../Engine/Content/Editor/Slate/Fonts/FontAwesome.ttf' (139K)
[2018.12.06-23.06.49:471][  0]LogRenderer: Reallocating scene render targets to support 1208x600 Format 10 NumSamples 1 (Frame:1).
[2018.12.06-23.06.49:665][  0]LogContentBrowser: Native class hierarchy updated for 'HierarchicalLODOutliner' in 0.0006 seconds. Added 0 classes and 0 folders.
[2018.12.06-23.06.49:666][  0]LogLoad: (Engine Initialization) Total time: 11.84 seconds
[2018.12.06-23.06.49:666][  0]LogLoad: (Engine Initialization) Total Blueprint compile time: 0.00 seconds
[2018.12.06-23.06.49:678][  0]LogWindowsTextInputMethodSystem: Display: IME system now deactivated.
[2018.12.06-23.06.49:743][  0]LogContentStreaming: Texture pool size now 1000 MB
[2018.12.06-23.06.49:767][  0]LogSlate: Took 0.000204 seconds to synchronously load lazily loaded font '../../../Engine/Content/Slate/Fonts/Roboto-Light.ttf' (167K)
[2018.12.06-23.06.49:863][  2]LogAssetRegistry: Asset discovery search completed in 7.3800 seconds
[2018.12.06-23.06.49:866][  2]LogCollectionManager: Rebuilt the object cache for 0 collections in 0.000001 seconds (found 0 objects)
[2018.12.06-23.06.49:866][  2]LogCollectionManager: Fixed up redirectors for 0 collections in 0.000094 seconds (updated 0 objects)
[2018.12.06-23.07.25:242][131]LogSlate: FSceneViewport::OnFocusLost() reason 0
[2018.12.06-23.07.35:367][ 82]LogSlate: Window 'Save Content' being destroyed
[2018.12.06-23.07.35:481][ 82]LogSlate: Took 0.000222 seconds to synchronously load lazily loaded font '../../../Engine/Content/Slate/Fonts/Roboto-Light.ttf' (167K)
[2018.12.06-23.07.35:591][ 82]Cmd: OBJ SAVEPACKAGE PACKAGE="/Game/mpoio" FILE="../../../../../Notrepremierjeu/Content/mpoio.uasset" SILENT=true
[2018.12.06-23.07.35:611][ 82]LogSavePackage: Moving '../../../../../Notrepremierjeu/Saved/mpoio76D2218B445289B7102C839323C2513B.tmp' to '../../../../../Notrepremierjeu/Content/mpoio.uasset'
[2018.12.06-23.07.35:780][ 82]SourceControl: Error: The following paths are ignored by one of your .gitignore files:
[2018.12.06-23.07.35:780][ 82]SourceControl: Error: Content/mpoio.uasset
[2018.12.06-23.07.35:780][ 82]SourceControl: Error: Use -f if you really want to add them.
[2018.12.06-23.07.44:816][857]LogSlate: Window 'Delete Assets' being destroyed
[2018.12.06-23.07.49:245][330]LogSlate: Window 'Monjeu - Unreal Editor' being destroyed
[2018.12.06-23.07.49:246][330]LogWindowsTextInputMethodSystem: Display: IME system now deactivated.
[2018.12.06-23.07.49:452][331]Cmd: QUIT_EDITOR
[2018.12.06-23.07.49:488][331]LogExit: Preparing to exit.
[2018.12.06-23.07.50:165][331]LogExit: Editor shut down
[2018.12.06-23.07.50:166][331]LogExit: Transaction tracking system shut down
[2018.12.06-23.07.50:435][331]LogExit: Object subsystem successfully closed.
[2018.12.06-23.07.50:598][331]LogShaderCompilers: Display: Shaders left to compile 0
[2018.12.06-23.07.50:602][331]LogD3D11RHI: Shutdown
[2018.12.06-23.07.50:602][331]LogD3D11RHI: CleanupD3DDevice
[2018.12.06-23.07.50:624][331]LogD3D11RHI: ~FD3D11DynamicRHI
[2018.12.06-23.07.50:649][331]LogModuleManager: Shutting down and abandoning module HierarchicalLODOutliner (614)
[2018.12.06-23.07.50:649][331]LogModuleManager: Shutting down and abandoning module SceneOutliner (612)
[2018.12.06-23.07.50:649][331]LogModuleManager: Shutting down and abandoning module AddContentDialog (610)
[2018.12.06-23.07.50:649][331]LogModuleManager: Shutting down and abandoning module WidgetCarousel (609)
[2018.12.06-23.07.50:649][331]LogModuleManager: Shutting down and abandoning module EditorWidgets (606)
[2018.12.06-23.07.50:650][331]LogModuleManager: Shutting down and abandoning module CollectionManager (604)
[2018.12.06-23.07.50:650][331]LogModuleManager: Shutting down and abandoning module StatsViewer (602)
[2018.12.06-23.07.50:650][331]LogModuleManager: Shutting down and abandoning module FoliageEdit (600)
[2018.12.06-23.07.50:650][331]LogModuleManager: Shutting down and abandoning module LandscapeEditor (598)
[2018.12.06-23.07.50:650][331]LogModuleManager: Shutting down and abandoning module MeshPaintMode (596)
[2018.12.06-23.07.50:650][331]LogModuleManager: Shutting down and abandoning module SceneDepthPickerMode (594)
[2018.12.06-23.07.50:650][331]LogModuleManager: Shutting down and abandoning module ActorPickerMode (592)
[2018.12.06-23.07.50:650][331]LogModuleManager: Shutting down and abandoning module GeometryMode (590)
[2018.12.06-23.07.50:650][331]LogModuleManager: Shutting down and abandoning module TextureAlignMode (588)
[2018.12.06-23.07.50:650][331]LogModuleManager: Shutting down and abandoning module BspMode (586)
[2018.12.06-23.07.50:650][331]LogModuleManager: Shutting down and abandoning module PIEPreviewDeviceProfileSelector (584)
[2018.12.06-23.07.50:650][331]LogModuleManager: Shutting down and abandoning module SequenceRecorderSections (582)
[2018.12.06-23.07.50:650][331]LogModuleManager: Shutting down and abandoning module AutomationWorker (580)
[2018.12.06-23.07.50:650][331]LogModuleManager: Shutting down and abandoning module AudioCaptureEditor (578)
[2018.12.06-23.07.50:650][331]LogModuleManager: Shutting down and abandoning module MatineeToLevelSequence (576)
[2018.12.06-23.07.50:650][331]LogModuleManager: Shutting down and abandoning module LevelSequenceEditor (574)
[2018.12.06-23.07.50:650][331]LogModuleManager: Shutting down and abandoning module PlacementMode (573)
[2018.12.06-23.07.50:651][331]LogModuleManager: Shutting down and abandoning module MaterialEditor (572)
[2018.12.06-23.07.50:651][331]LogModuleManager: Shutting down and abandoning module WmfMediaFactory (568)
[2018.12.06-23.07.50:651][331]LogModuleManager: Shutting down and abandoning module WmfMediaEditor (566)
[2018.12.06-23.07.50:651][331]LogModuleManager: Shutting down and abandoning module WebMMediaFactory (564)
[2018.12.06-23.07.50:651][331]LogModuleManager: Shutting down and abandoning module WebMMediaEditor (562)
[2018.12.06-23.07.50:651][331]LogModuleManager: Shutting down and abandoning module WebMMedia (560)
[2018.12.06-23.07.50:651][331]LogModuleManager: Shutting down and abandoning module MediaPlayerEditor (558)
[2018.12.06-23.07.50:651][331]LogModuleManager: Shutting down and abandoning module MediaCompositingEditor (556)
[2018.12.06-23.07.50:651][331]LogModuleManager: Shutting down and abandoning module SequenceRecorder (555)
[2018.12.06-23.07.50:651][331]LogModuleManager: Shutting down and abandoning module OpenExrWrapper (552)
[2018.12.06-23.07.50:651][331]LogModuleManager: Shutting down and abandoning module ImgMediaFactory (550)
[2018.12.06-23.07.50:651][331]LogModuleManager: Shutting down and abandoning module ImgMediaEditor (548)
[2018.12.06-23.07.50:651][331]LogModuleManager: Shutting down and abandoning module AvfMediaFactory (546)
[2018.12.06-23.07.50:651][331]LogModuleManager: Shutting down and abandoning module AvfMediaEditor (544)
[2018.12.06-23.07.50:651][331]LogModuleManager: Shutting down and abandoning module AndroidMediaFactory (542)
[2018.12.06-23.07.50:651][331]LogModuleManager: Shutting down and abandoning module AndroidMediaEditor (540)
[2018.12.06-23.07.50:651][331]LogModuleManager: Shutting down and abandoning module MagicLeapCameraPreviewFactory (538)
[2018.12.06-23.07.50:651][331]LogModuleManager: Shutting down and abandoning module MagicLeapMediaFactory (536)
[2018.12.06-23.07.50:651][331]LogModuleManager: Shutting down and abandoning module MagicLeapMediaEditor (534)
[2018.12.06-23.07.50:651][331]LogModuleManager: Shutting down and abandoning module CharacterAI (532)
[2018.12.06-23.07.50:651][331]LogModuleManager: Shutting down and abandoning module SmartSnapping (530)
[2018.12.06-23.07.50:651][331]LogModuleManager: Shutting down and abandoning module SessionServices (528)
[2018.12.06-23.07.50:651][331]LogModuleManager: Shutting down and abandoning module ViewportSnapping (526)
[2018.12.06-23.07.50:651][331]LogModuleManager: Shutting down and abandoning module ViewportInteraction (524)
[2018.12.06-23.07.50:651][331]LogModuleManager: Shutting down and abandoning module ClothPainter (522)
[2018.12.06-23.07.50:651][331]LogModuleManager: Shutting down and abandoning module SkeletalMeshEditor (521)
[2018.12.06-23.07.50:652][331]LogModuleManager: Shutting down and abandoning module LogVisualizer (518)
[2018.12.06-23.07.50:652][331]LogModuleManager: Shutting down and abandoning module IntroTutorials (516)
[2018.12.06-23.07.50:652][331]LogModuleManager: Shutting down and abandoning module GameProjectGeneration (515)
[2018.12.06-23.07.50:652][331]LogModuleManager: Shutting down and abandoning module LuminPlatformEditor (512)
[2018.12.06-23.07.50:652][331]LogModuleManager: Shutting down and abandoning module IOSPlatformEditor (510)
[2018.12.06-23.07.50:652][331]LogModuleManager: Shutting down and abandoning module HTML5PlatformEditor (508)
[2018.12.06-23.07.50:652][331]LogModuleManager: Shutting down and abandoning module AndroidPlatformEditor (506)
[2018.12.06-23.07.50:652][331]LogModuleManager: Shutting down and abandoning module AndroidDeviceDetection (505)
[2018.12.06-23.07.50:754][331]LogModuleManager: Shutting down and abandoning module WindowsPlatformEditor (502)
[2018.12.06-23.07.50:754][331]LogModuleManager: Shutting down and abandoning module LuminRuntimeSettings (500)
[2018.12.06-23.07.50:754][331]LogModuleManager: Shutting down and abandoning module IOSRuntimeSettings (498)
[2018.12.06-23.07.50:754][331]LogModuleManager: Shutting down and abandoning module AndroidRuntimeSettings (496)
[2018.12.06-23.07.50:754][331]LogModuleManager: Shutting down and abandoning module TimeManagementEditor (494)
[2018.12.06-23.07.50:754][331]LogModuleManager: Shutting down and abandoning module InputBindingEditor (492)
[2018.12.06-23.07.50:754][331]LogModuleManager: Shutting down and abandoning module MergeActors (490)
[2018.12.06-23.07.50:754][331]LogModuleManager: Shutting down and abandoning module LocalizationDashboard (488)
[2018.12.06-23.07.50:754][331]LogModuleManager: Shutting down and abandoning module LocalizationService (487)
[2018.12.06-23.07.50:754][331]LogModuleManager: Shutting down and abandoning module HardwareTargeting (484)
[2018.12.06-23.07.50:754][331]LogModuleManager: Shutting down and abandoning module DeviceProfileEditor (482)
[2018.12.06-23.07.50:754][331]LogModuleManager: Shutting down and abandoning module UndoHistory (480)
[2018.12.06-23.07.50:754][331]LogModuleManager: Shutting down and abandoning module XmlParser (478)
[2018.12.06-23.07.50:754][331]LogModuleManager: Shutting down and abandoning module Blutility (476)
[2018.12.06-23.07.50:754][331]LogModuleManager: Shutting down and abandoning module ProjectSettingsViewer (474)
[2018.12.06-23.07.50:754][331]LogModuleManager: Shutting down and abandoning module ProjectTargetPlatformEditor (473)
[2018.12.06-23.07.50:754][331]LogModuleManager: Shutting down and abandoning module EditorSettingsViewer (470)
[2018.12.06-23.07.50:754][331]LogModuleManager: Shutting down and abandoning module SettingsEditor (468)
[2018.12.06-23.07.50:754][331]LogModuleManager: Shutting down and abandoning module ProjectLauncher (466)
[2018.12.06-23.07.50:754][331]LogModuleManager: Shutting down and abandoning module SessionFrontend (464)
[2018.12.06-23.07.50:754][331]LogModuleManager: Shutting down and abandoning module ProfilerClient (462)
[2018.12.06-23.07.50:754][331]LogModuleManager: Shutting down and abandoning module DeviceManager (460)
[2018.12.06-23.07.50:754][331]LogModuleManager: Shutting down and abandoning module TargetDeviceServices (459)
[2018.12.06-23.07.50:809][331]LogModuleManager: Shutting down and abandoning module AutomationController (456)
[2018.12.06-23.07.50:809][331]LogModuleManager: Shutting down and abandoning module AutomationWindow (454)
[2018.12.06-23.07.50:809][331]LogModuleManager: Shutting down and abandoning module Layers (452)
[2018.12.06-23.07.50:809][331]LogModuleManager: Shutting down and abandoning module ComponentVisualizers (450)
[2018.12.06-23.07.50:809][331]LogModuleManager: Shutting down and abandoning module DetailCustomizations (448)
[2018.12.06-23.07.50:810][331]LogModuleManager: Shutting down and abandoning module PackagesDialog (446)
[2018.12.06-23.07.50:810][331]LogModuleManager: Shutting down and abandoning module Persona (444)
[2018.12.06-23.07.50:810][331]LogModuleManager: Shutting down and abandoning module AdvancedPreviewScene (443)
[2018.12.06-23.07.50:810][331]LogModuleManager: Shutting down and abandoning module AnimGraph (441)
[2018.12.06-23.07.50:810][331]LogModuleManager: Shutting down and abandoning module Kismet (438)
[2018.12.06-23.07.50:811][331]LogModuleManager: Shutting down and abandoning module GraphEditor (436)
[2018.12.06-23.07.50:811][331]LogModuleManager: Shutting down and abandoning module ClassViewer (434)
[2018.12.06-23.07.50:811][331]LogModuleManager: Shutting down and abandoning module Toolbox (432)
[2018.12.06-23.07.50:811][331]LogModuleManager: Shutting down and abandoning module ModuleUI (430)
[2018.12.06-23.07.50:811][331]LogModuleManager: Shutting down and abandoning module MovieSceneTools (428)
[2018.12.06-23.07.50:811][331]LogModuleManager: Shutting down and abandoning module OutputLog (426)
[2018.12.06-23.07.50:811][331]LogModuleManager: Shutting down and abandoning module GammaUI (424)
[2018.12.06-23.07.50:811][331]LogModuleManager: Shutting down and abandoning module Documentation (422)
[2018.12.06-23.07.50:811][331]LogModuleManager: Shutting down and abandoning module MovieSceneTracks (420)
[2018.12.06-23.07.50:811][331]LogModuleManager: Shutting down and abandoning module MovieScene (418)
[2018.12.06-23.07.50:811][331]LogModuleManager: Shutting down and abandoning module StreamingPauseRendering (416)
[2018.12.06-23.07.50:811][331]LogModuleManager: Shutting down and abandoning module LauncherPlatform (414)
[2018.12.06-23.07.50:811][331]LogModuleManager: Shutting down and abandoning module AnalyticsET (412)
[2018.12.06-23.07.50:811][331]LogModuleManager: Shutting down and abandoning module PortalServices (410)
[2018.12.06-23.07.50:811][331]LogModuleManager: Shutting down and abandoning module PortalRpc (408)
[2018.12.06-23.07.50:812][331]LogModuleManager: Shutting down and abandoning module MessagingRpc (406)
[2018.12.06-23.07.50:812][331]LogModuleManager: Shutting down and abandoning module AIModule (404)
[2018.12.06-23.07.50:812][331]LogModuleManager: Shutting down and abandoning module GameplayDebugger (403)
[2018.12.06-23.07.50:812][331]LogModuleManager: Shutting down and abandoning module AITestSuite (401)
[2018.12.06-23.07.50:812][331]LogModuleManager: Shutting down and abandoning module NavigationSystem (399)
[2018.12.06-23.07.50:812][331]LogModuleManager: Shutting down and abandoning module DesktopPlatform (396)
[2018.12.06-23.07.50:812][331]LogModuleManager: Shutting down and abandoning module ImageWriteQueue (394)
[2018.12.06-23.07.50:852][331]LogModuleManager: Shutting down and abandoning module ProfilerService (392)
[2018.12.06-23.07.50:991][331]LogModuleManager: Shutting down and abandoning module TaskGraph (390)
[2018.12.06-23.07.50:991][331]LogModuleManager: Shutting down and abandoning module SteamVRController (388)
[2018.12.06-23.07.50:991][331]LogModuleManager: Shutting down and abandoning module ProceduralMeshComponentEditor (386)
[2018.12.06-23.07.50:991][331]LogModuleManager: Shutting down and abandoning module ProceduralMeshComponent (384)
[2018.12.06-23.07.50:992][331]LogModuleManager: Shutting down and abandoning module OculusInput (382)
[2018.12.06-23.07.50:992][331]LogModuleManager: Shutting down and abandoning module MobilePatchingUtils (380)
[2018.12.06-23.07.50:992][331]LogModuleManager: Shutting down and abandoning module EditableMesh (378)
[2018.12.06-23.07.50:992][331]LogModuleManager: Shutting down and abandoning module CustomMeshComponent (376)
[2018.12.06-23.07.50:992][331]LogModuleManager: Shutting down and abandoning module CableComponent (374)
[2018.12.06-23.07.50:992][331]LogModuleManager: Shutting down and abandoning module AudioCapture (372)
[2018.12.06-23.07.50:992][331]LogModuleManager: Shutting down and abandoning module ArchVisCharacter (370)
[2018.12.06-23.07.50:992][331]LogModuleManager: Shutting down and abandoning module AndroidPermission (368)
[2018.12.06-23.07.50:992][331]LogModuleManager: Shutting down and abandoning module NUTUnrealEngine4 (366)
[2018.12.06-23.07.50:992][331]LogModuleManager: Shutting down and abandoning module NetcodeUnitTest (364)
[2018.12.06-23.07.50:992][331]LogModuleManager: Shutting down and abandoning module MediaCompositing (362)
[2018.12.06-23.07.50:992][331]LogModuleManager: Shutting down and abandoning module LinearTimecode (360)
[2018.12.06-23.07.50:992][331]LogModuleManager: Shutting down and abandoning module ImgMedia (358)
[2018.12.06-23.07.50:997][331]LogModuleManager: Shutting down and abandoning module HTML5Networking (356)
[2018.12.06-23.07.50:997][331]LogModuleManager: Shutting down and abandoning module GeometryCacheTracks (354)
[2018.12.06-23.07.50:997][331]LogModuleManager: Shutting down and abandoning module GeometryCache (352)
[2018.12.06-23.07.50:997][331]LogModuleManager: Shutting down and abandoning module GeometryCacheSequencer (350)
[2018.12.06-23.07.50:997][331]LogModuleManager: Shutting down and abandoning module GeometryCacheEd (348)
[2018.12.06-23.07.50:997][331]LogModuleManager: Shutting down and abandoning module BackChannel (346)
[2018.12.06-23.07.50:997][331]LogModuleManager: Shutting down and abandoning module AppleVision (344)
[2018.12.06-23.07.50:997][331]LogModuleManager: Shutting down and abandoning module AppleImageUtilsBlueprintSupport (342)
[2018.12.06-23.07.50:997][331]LogModuleManager: Shutting down and abandoning module AppleImageUtils (340)
[2018.12.06-23.07.50:997][331]LogModuleManager: Shutting down and abandoning module VariantManagerContent (338)
[2018.12.06-23.07.50:997][331]LogModuleManager: Shutting down and abandoning module DatasmithContentEditor (336)
[2018.12.06-23.07.50:997][331]LogModuleManager: Shutting down and abandoning module SpeedTreeImporter (334)
[2018.12.06-23.07.50:997][331]LogModuleManager: Shutting down and abandoning module PluginBrowser (332)
[2018.12.06-23.07.50:997][331]LogModuleManager: Shutting down and abandoning module MobileLauncherProfileWizard (330)
[2018.12.06-23.07.50:997][331]LogModuleManager: Shutting down and abandoning module CryptoKeysOpenSSL (328)
[2018.12.06-23.07.50:997][331]LogModuleManager: Shutting down and abandoning module CryptoKeys (326)
[2018.12.06-23.07.50:997][331]LogModuleManager: Shutting down and abandoning module VisualStudioSourceCodeAccess (324)
[2018.12.06-23.07.50:997][331]LogModuleManager: Shutting down and abandoning module VisualStudioCodeSourceCodeAccess (322)
[2018.12.06-23.07.50:997][331]LogModuleManager: Shutting down and abandoning module UObjectPlugin (320)
[2018.12.06-23.07.50:997][331]LogModuleManager: Shutting down and abandoning module SubversionSourceControl (318)
[2018.12.06-23.07.50:997][331]LogModuleManager: Shutting down and abandoning module PerforceSourceControl (316)
[2018.12.06-23.07.50:997][331]LogModuleManager: Shutting down and abandoning module GitSourceControl (314)
[2018.12.06-23.07.50:997][331]LogModuleManager: Shutting down and abandoning module SourceControl (313)
[2018.12.06-23.07.50:997][331]LogModuleManager: Shutting down and abandoning module CLionSourceCodeAccess (310)
[2018.12.06-23.07.50:997][331]LogModuleManager: Shutting down and abandoning module ActorLayerUtilitiesEditor (308)
[2018.12.06-23.07.50:997][331]LogModuleManager: Shutting down and abandoning module ActorLayerUtilities (306)
[2018.12.06-23.07.50:997][331]LogModuleManager: Shutting down and abandoning module LightPropagationVolumeEditor (304)
[2018.12.06-23.07.50:997][331]LogModuleManager: Shutting down and abandoning module PaperTiledImporter (302)
[2018.12.06-23.07.50:997][331]LogModuleManager: Shutting down and abandoning module PaperSpriteSheetImporter (300)
[2018.12.06-23.07.50:997][331]LogModuleManager: Shutting down and abandoning module Paper2DEditor (298)
[2018.12.06-23.07.50:998][331]LogModuleManager: Shutting down and abandoning module MeshPaint (297)
[2018.12.06-23.07.50:998][331]LogModuleManager: Shutting down and abandoning module RuntimePhysXCooking (294)
[2018.12.06-23.07.50:998][331]LogModuleManager: Shutting down and abandoning module PhysXVehiclesEditor (292)
[2018.12.06-23.07.50:998][331]LogModuleManager: Shutting down and abandoning module PhysXVehicles (290)
[2018.12.06-23.07.50:998][331]LogModuleManager: Shutting down and abandoning module OculusEditor (288)
[2018.12.06-23.07.50:998][331]LogModuleManager: Shutting down and abandoning module LocationServicesBPLibrary (286)
[2018.12.06-23.07.50:998][331]LogModuleManager: Shutting down and abandoning module ActorSequence (284)
[2018.12.06-23.07.50:998][331]LogModuleManager: Shutting down and abandoning module UdpMessaging (282)
[2018.12.06-23.07.51:098][331]LogModuleManager: Shutting down and abandoning module TcpMessaging (280)
[2018.12.06-23.07.51:199][331]LogModuleManager: Shutting down and abandoning module MagicLeapAudio (278)
[2018.12.06-23.07.51:199][331]LogModuleManager: Shutting down and abandoning module GameplayTagsEditor (276)
[2018.12.06-23.07.51:199][331]LogModuleManager: Shutting down and abandoning module FacialAnimationEditor (274)
[2018.12.06-23.07.51:199][331]LogModuleManager: Shutting down and abandoning module FacialAnimation (272)
[2018.12.06-23.07.51:199][331]LogModuleManager: Shutting down and abandoning module DataValidation (270)
[2018.12.06-23.07.51:199][331]LogModuleManager: Shutting down and abandoning module AssetManagerEditor (268)
[2018.12.06-23.07.51:199][331]LogModuleManager: Shutting down and abandoning module LevelEditor (267)
[2018.12.06-23.07.51:200][331]LogModuleManager: Shutting down and abandoning module PixelInspectorModule (266)
[2018.12.06-23.07.51:200][331]LogModuleManager: Shutting down and abandoning module CommonMenuExtensions (264)
[2018.12.06-23.07.51:200][331]LogModuleManager: Shutting down and abandoning module MainFrame (262)
[2018.12.06-23.07.51:200][331]LogModuleManager: Shutting down and abandoning module HotReload (261)
[2018.12.06-23.07.51:200][331]LogModuleManager: Shutting down and abandoning module ContentBrowser (257)
[2018.12.06-23.07.51:201][331]LogModuleManager: Shutting down and abandoning module TreeMap (255)
[2018.12.06-23.07.51:201][331]LogModuleManager: Shutting down and abandoning module LightPropagationVolumeRuntime (252)
[2018.12.06-23.07.51:201][331]LogModuleManager: Shutting down and abandoning module AISupportModule (250)
[2018.12.06-23.07.51:201][331]LogModuleManager: Shutting down and abandoning module Paper2D (248)
[2018.12.06-23.07.51:201][331]LogModuleManager: Shutting down and abandoning module WindowsMoviePlayer (246)
[2018.12.06-23.07.51:201][331]LogModuleManager: Shutting down and abandoning module WebMMoviePlayer (244)
[2018.12.06-23.07.51:201][331]LogModuleManager: Shutting down and abandoning module WmfMedia (242)
[2018.12.06-23.07.51:202][331]LogModuleManager: Shutting down and abandoning module Media (241)
[2018.12.06-23.07.51:208][331]LogModuleManager: Shutting down and abandoning module PacketHandler (238)
[2018.12.06-23.07.51:208][331]LogModuleManager: Shutting down and abandoning module ClothingSystemEditor (236)
[2018.12.06-23.07.51:208][331]LogModuleManager: Shutting down and abandoning module ClothingSystemRuntime (234)
[2018.12.06-23.07.51:208][331]LogModuleManager: Shutting down and abandoning module MediaAssets (232)
[2018.12.06-23.07.51:208][331]LogModuleManager: Shutting down and abandoning module Overlay (230)
[2018.12.06-23.07.51:209][331]LogModuleManager: Shutting down and abandoning module OverlayEditor (229)
[2018.12.06-23.07.51:209][331]LogModuleManager: Shutting down and abandoning module VREditor (226)
[2018.12.06-23.07.51:209][331]LogModuleManager: Shutting down and abandoning module StringTableEditor (224)
[2018.12.06-23.07.51:209][331]LogModuleManager: Shutting down and abandoning module GameplayTasksEditor (222)
[2018.12.06-23.07.51:209][331]LogModuleManager: Shutting down and abandoning module BehaviorTreeEditor (220)
[2018.12.06-23.07.51:209][331]LogModuleManager: Shutting down and abandoning module FunctionalTesting (218)
[2018.12.06-23.07.51:209][331]LogModuleManager: Shutting down and abandoning module CollisionAnalyzer (216)
[2018.12.06-23.07.51:209][331]LogModuleManager: Shutting down and abandoning module WorkspaceMenuStructure (215)
[2018.12.06-23.07.51:209][331]LogModuleManager: Shutting down and abandoning module UMG (212)
[2018.12.06-23.07.51:209][331]LogModuleManager: Shutting down and abandoning module UMGEditor (211)
[2018.12.06-23.07.51:209][331]LogModuleManager: Shutting down and abandoning module Sequencer (210)
[2018.12.06-23.07.51:209][331]LogModuleManager: Shutting down and abandoning module MessageLog (207)
[2018.12.06-23.07.51:209][331]LogModuleManager: Shutting down and abandoning module SlateReflector (202)
[2018.12.06-23.07.51:209][331]LogModuleManager: Shutting down and abandoning module Slate (200)
[2018.12.06-23.07.51:209][331]LogModuleManager: Shutting down and abandoning module EditorStyle (198)
[2018.12.06-23.07.51:211][331]LogModuleManager: Shutting down and abandoning module MRMesh (196)
[2018.12.06-23.07.51:211][331]LogModuleManager: Shutting down and abandoning module SourceCodeAccess (194)
[2018.12.06-23.07.51:211][331]LogModuleManager: Shutting down and abandoning module HeadMountedDisplay (192)
[2018.12.06-23.07.51:211][331]LogModuleManager: Shutting down and abandoning module XAudio2 (190)
[2018.12.06-23.07.51:211][331]LogModuleManager: Shutting down and abandoning module Networking (188)
[2018.12.06-23.07.51:211][331]LogModuleManager: Shutting down and abandoning module Core (186)
[2018.12.06-23.07.51:211][331]LogModuleManager: Shutting down and abandoning module LevelSequence (184)
[2018.12.06-23.07.51:211][331]LogModuleManager: Shutting down and abandoning module KismetCompiler (182)
[2018.12.06-23.07.51:211][331]LogModuleManager: Shutting down and abandoning module MeshUtilities (180)
[2018.12.06-23.07.51:212][331]LogModuleManager: Shutting down and abandoning module MeshMergeUtilities (179)
[2018.12.06-23.07.51:212][331]LogModuleManager: Shutting down and abandoning module MeshReductionInterface (178)
[2018.12.06-23.07.51:212][331]LogModuleManager: Shutting down and abandoning module SimplygonSwarm (177)
[2018.12.06-23.07.51:212][331]LogModuleManager: Shutting down and abandoning module ProxyLODMeshReduction (175)
[2018.12.06-23.07.51:212][331]LogModuleManager: Shutting down and abandoning module SimplygonMeshReduction (173)
[2018.12.06-23.07.51:212][331]LogModuleManager: Shutting down and abandoning module QuadricMeshReduction (171)
[2018.12.06-23.07.51:212][331]LogModuleManager: Shutting down and abandoning module MaterialBaking (167)
[2018.12.06-23.07.51:212][331]LogModuleManager: Shutting down and abandoning module DirectoryWatcher (163)
[2018.12.06-23.07.51:212][331]LogModuleManager: Shutting down and abandoning module DerivedDataCache (160)
[2018.12.06-23.07.51:409][331]LogDerivedDataCache: Shutdown
[2018.12.06-23.07.51:409][331]LogModuleManager: Shutting down and abandoning module XGEController (158)
[2018.12.06-23.07.51:410][331]LogXGEController: Cleaning working directory: C:/Users/cabra/AppData/Local/Temp/UnrealXGEWorkingDir/
[2018.12.06-23.07.51:410][331]LogModuleManager: Shutting down and abandoning module TargetPlatform (156)
[2018.12.06-23.07.51:410][331]LogModuleManager: Shutting down and abandoning module VulkanShaderFormat (155)
[2018.12.06-23.07.51:410][331]LogModuleManager: Shutting down and abandoning module ShaderFormatVectorVM (153)
[2018.12.06-23.07.51:410][331]LogModuleManager: Shutting down and abandoning module ShaderFormatOpenGL (151)
[2018.12.06-23.07.51:410][331]LogModuleManager: Shutting down and abandoning module ShaderFormatD3D (149)
[2018.12.06-23.07.51:410][331]LogModuleManager: Shutting down and abandoning module MetalShaderFormat (147)
[2018.12.06-23.07.51:410][331]LogModuleManager: Shutting down and abandoning module TextureFormatUncompressed (145)
[2018.12.06-23.07.51:410][331]LogModuleManager: Shutting down and abandoning module TextureFormatPVR (143)
[2018.12.06-23.07.51:410][331]LogModuleManager: Shutting down and abandoning module TextureFormatDXT (141)
[2018.12.06-23.07.51:410][331]LogModuleManager: Shutting down and abandoning module TextureFormatIntelISPCTexComp (139)
[2018.12.06-23.07.51:410][331]LogModuleManager: Shutting down and abandoning module TextureFormatASTC (137)
[2018.12.06-23.07.51:410][331]LogModuleManager: Shutting down and abandoning module ImageWrapper (136)
[2018.12.06-23.07.51:410][331]LogModuleManager: Shutting down and abandoning module TextureFormatAndroid (133)
[2018.12.06-23.07.51:410][331]LogModuleManager: Shutting down and abandoning module AudioFormatOpus (131)
[2018.12.06-23.07.51:410][331]LogModuleManager: Shutting down and abandoning module AudioFormatOgg (129)
[2018.12.06-23.07.51:410][331]LogModuleManager: Shutting down and abandoning module AudioFormatADPCM (127)
[2018.12.06-23.07.51:410][331]LogModuleManager: Shutting down and abandoning module LuminTargetPlatform (125)
[2018.12.06-23.07.51:411][331]LogModuleManager: Shutting down and abandoning module LinuxTargetPlatform (123)
[2018.12.06-23.07.51:411][331]LogModuleManager: Shutting down and abandoning module LinuxServerTargetPlatform (121)
[2018.12.06-23.07.51:411][331]LogModuleManager: Shutting down and abandoning module LinuxNoEditorTargetPlatform (119)
[2018.12.06-23.07.51:411][331]LogModuleManager: Shutting down and abandoning module LinuxClientTargetPlatform (117)
[2018.12.06-23.07.51:411][331]LogModuleManager: Shutting down and abandoning module TVOSTargetPlatform (115)
[2018.12.06-23.07.51:412][331]LogModuleManager: Shutting down and abandoning module Messaging (113)
[2018.12.06-23.07.51:412][331]LogModuleManager: Shutting down and abandoning module IOSTargetPlatform (111)
[2018.12.06-23.07.51:413][331]LogModuleManager: Shutting down and abandoning module HTML5TargetPlatform (109)
[2018.12.06-23.07.51:413][331]LogModuleManager: Shutting down and abandoning module AndroidTargetPlatform (107)
[2018.12.06-23.07.51:419][331]LogModuleManager: Shutting down and abandoning module WindowsTargetPlatform (105)
[2018.12.06-23.07.51:419][331]LogModuleManager: Shutting down and abandoning module WindowsServerTargetPlatform (103)
[2018.12.06-23.07.51:419][331]LogModuleManager: Shutting down and abandoning module WindowsNoEditorTargetPlatform (101)
[2018.12.06-23.07.51:419][331]LogModuleManager: Shutting down and abandoning module WindowsClientTargetPlatform (99)
[2018.12.06-23.07.51:419][331]LogModuleManager: Shutting down and abandoning module MacTargetPlatform (97)
[2018.12.06-23.07.51:419][331]LogModuleManager: Shutting down and abandoning module MacServerTargetPlatform (95)
[2018.12.06-23.07.51:419][331]LogModuleManager: Shutting down and abandoning module MacNoEditorTargetPlatform (93)
[2018.12.06-23.07.51:419][331]LogModuleManager: Shutting down and abandoning module MacClientTargetPlatform (91)
[2018.12.06-23.07.51:419][331]LogModuleManager: Shutting down and abandoning module AllDesktopTargetPlatform (89)
[2018.12.06-23.07.51:419][331]LogModuleManager: Shutting down and abandoning module InputCore (86)
[2018.12.06-23.07.51:419][331]LogModuleManager: Shutting down and abandoning module Settings (84)
[2018.12.06-23.07.51:419][331]LogModuleManager: Shutting down and abandoning module PhysXCooking (82)
[2018.12.06-23.07.51:419][331]LogModuleManager: Shutting down and abandoning module SteamVR (80)
[2018.12.06-23.07.51:419][331]LogHMD: Freeing OpenVRDLLHandle.
[2018.12.06-23.07.51:419][331]LogModuleManager: Shutting down and abandoning module OculusHMD (78)
[2018.12.06-23.07.51:419][331]LogModuleManager: Shutting down and abandoning module ExampleDeviceProfileSelector (76)
[2018.12.06-23.07.51:419][331]LogModuleManager: Shutting down and abandoning module LauncherChunkInstaller (74)
[2018.12.06-23.07.51:419][331]LogModuleManager: Shutting down and abandoning module OnlineBlueprintSupport (72)
[2018.12.06-23.07.51:419][331]LogModuleManager: Shutting down and abandoning module OnlineSubsystem (68)
[2018.12.06-23.07.51:420][331]LogModuleManager: Shutting down and abandoning module XMPP (63)
[2018.12.06-23.07.51:420][331]LogModuleManager: Shutting down and abandoning module WebSockets (62)
[2018.12.06-23.07.51:443][331]LogModuleManager: Shutting down and abandoning module HTTP (59)
[2018.12.06-23.07.51:443][331]LogHttp: Display: Http module shutting down, but needs to wait on 1 outstanding Http requests:
[2018.12.06-23.07.51:443][331]LogHttp: Display: 	verb=[POST] url=[https://datarouter.ol.epicgames.com/datarouter/api/v1/public/data?SessionID=%7B2836EA8E-4200-4D0E-6A15-29A9B4B7DD26%7D&AppID=UEEditor.Rocket.Release&AppVersion=4.21.0-4541578%2B%2B%2BUE4%2BRelease-4.21&UserID=5d79942c421e664c201bbe80db47bb3c%7C1c70b54445d447cd97d162b7e2419b6a%7C57f9eb95-991c-4ad8-ad16-88c68ef25bf2&AppEnvironment=datacollector-binary&UploadType=eteventstream] status=Processing
[2018.12.06-23.07.51:443][331]LogHttp: Display: Sleeping 0.5s to wait for 1 outstanding Http requests.
[2018.12.06-23.07.51:972][331]LogModuleManager: Shutting down and abandoning module SSL (58)
[2018.12.06-23.07.51:974][331]LogModuleManager: Shutting down and abandoning module MagicLeapIdentity (54)
[2018.12.06-23.07.51:974][331]LogModuleManager: Shutting down and abandoning module MagicLeapHelperVulkan (52)
[2018.12.06-23.07.51:974][331]LogModuleManager: Shutting down and abandoning module MagicLeapHelperOpenGL (50)
[2018.12.06-23.07.51:975][331]LogModuleManager: Shutting down and abandoning module MagicLeapSecureStorage (48)
[2018.12.06-23.07.51:975][331]LogModuleManager: Shutting down and abandoning module MagicLeapHandTracking (46)
[2018.12.06-23.07.51:975][331]LogModuleManager: Shutting down and abandoning module MagicLeapEyeTracker (44)
[2018.12.06-23.07.51:975][331]LogModuleManager: Shutting down and abandoning module MagicLeapController (42)
[2018.12.06-23.07.51:975][331]LogSlate: Slate User Destroyed.  User Index 0, Is Virtual User: 0
[2018.12.06-23.07.51:975][331]LogModuleManager: Shutting down and abandoning module MagicLeap (40)
[2018.12.06-23.07.51:975][331]LogModuleManager: Shutting down and abandoning module DatasmithContent (38)
[2018.12.06-23.07.51:975][331]LogModuleManager: Shutting down and abandoning module AnimationModifiers (36)
[2018.12.06-23.07.51:975][331]LogModuleManager: Shutting down and abandoning module PropertyEditor (35)
[2018.12.06-23.07.51:976][331]LogModuleManager: Shutting down and abandoning module AudioEditor (32)
[2018.12.06-23.07.51:976][331]LogModuleManager: Shutting down and abandoning module TextureCompressor (30)
[2018.12.06-23.07.51:976][331]LogModuleManager: Shutting down and abandoning module ShaderCore (28)
[2018.12.06-23.07.51:976][331]LogModuleManager: Shutting down and abandoning module Landscape (26)
[2018.12.06-23.07.51:976][331]LogModuleManager: Shutting down and abandoning module SlateRHIRenderer (24)
[2018.12.06-23.07.51:976][331]LogModuleManager: Shutting down and abandoning module OpenGLDrv (22)
[2018.12.06-23.07.51:976][331]LogModuleManager: Shutting down and abandoning module D3D11RHI (20)
[2018.12.06-23.07.51:976][331]LogModuleManager: Shutting down and abandoning module AnimGraphRuntime (18)
[2018.12.06-23.07.51:976][331]LogModuleManager: Shutting down and abandoning module Renderer (16)
[2018.12.06-23.07.51:976][331]LogModuleManager: Shutting down and abandoning module Engine (14)
[2018.12.06-23.07.51:976][331]LogModuleManager: Shutting down and abandoning module CoreUObject (12)
[2018.12.06-23.07.51:976][331]LogModuleManager: Shutting down and abandoning module NetworkFile (10)
[2018.12.06-23.07.51:976][331]LogModuleManager: Shutting down and abandoning module CookedIterativeFile (8)
[2018.12.06-23.07.51:976][331]LogModuleManager: Shutting down and abandoning module StreamingFile (6)
[2018.12.06-23.07.51:976][331]LogModuleManager: Shutting down and abandoning module SandboxFile (4)
[2018.12.06-23.07.51:977][331]LogModuleManager: Shutting down and abandoning module PakFile (2)
[2018.12.06-23.07.51:983][331]LogExit: Exiting.
[2018.12.06-23.07.51:985][331]Log file closed, 12/07/18 00:07:51
