Log file open, 12/06/18 21:29:49
LogWindows: Failed to load 'aqProf.dll' (GetLastError=126)
LogWindows: File 'aqProf.dll' does not exist
LogWindows: Failed to load 'VSPerf140.dll' (GetLastError=126)
LogWindows: File 'VSPerf140.dll' does not exist
LogWindows: Failed to load 'VtuneApi.dll' (GetLastError=126)
LogWindows: File 'VtuneApi.dll' does not exist
LogWindows: Failed to load 'VtuneApi32e.dll' (GetLastError=126)
LogWindows: File 'VtuneApi32e.dll' does not exist
LogInit: Display: Running engine for game: Monjeu
LogPlatformFile: Not using cached read wrapper
LogTaskGraph: Started task graph with 5 named threads and 23 total threads with 3 sets of task threads.
LogStats: Stats thread started at 0.268021
LogD3D11RHI: Loaded GFSDK_Aftermath_Lib.x64.dll
LogICUInternationalization: Display: ICU TimeZone Detection - Raw Offset: +1:00, Platform Override: ''
LogPluginManager: Mounting plugin Paper2D
LogPluginManager: Mounting plugin AISupport
LogPluginManager: Mounting plugin LightPropagationVolume
LogPluginManager: Mounting plugin CLionSourceCodeAccess
LogPluginManager: Mounting plugin CodeLiteSourceCodeAccess
LogPluginManager: Mounting plugin GitSourceControl
LogPluginManager: Mounting plugin KDevelopSourceCodeAccess
LogPluginManager: Mounting plugin NullSourceCodeAccess
LogPluginManager: Mounting plugin PerforceSourceControl
LogPluginManager: Mounting plugin SubversionSourceControl
LogPluginManager: Mounting plugin UObjectPlugin
LogPluginManager: Mounting plugin VisualStudioCodeSourceCodeAccess
LogPluginManager: Mounting plugin VisualStudioSourceCodeAccess
LogPluginManager: Mounting plugin XCodeSourceCodeAccess
LogPluginManager: Mounting plugin AssetManagerEditor
LogPluginManager: Mounting plugin CryptoKeys
LogPluginManager: Mounting plugin DataValidation
LogPluginManager: Mounting plugin FacialAnimation
LogPluginManager: Mounting plugin GameplayTagsEditor
LogPluginManager: Mounting plugin MacGraphicsSwitching
LogPluginManager: Mounting plugin MobileLauncherProfileWizard
LogPluginManager: Mounting plugin PluginBrowser
LogPluginManager: Mounting plugin SpeedTreeImporter
LogPluginManager: Mounting plugin DatasmithContent
LogStreaming: Display: Took  0.043s to configure plugins.
LogInit: Build: ++UE4+Release-4.20-CL-4369336
LogInit: Engine Version: 4.20.3-4369336+++UE4+Release-4.20
LogInit: Compatible Engine Version: 4.20.0-4212847+++UE4+Release-4.20
LogInit: Net CL: 4212847
LogInit: OS: Windows 10 (), CPU: Intel(R) Core(TM) i7-7700K CPU @ 4.20GHz, GPU: NVIDIA GeForce GTX 1050 Ti
LogInit: Compiled (64-bit): Sep 17 2018 12:26:19
LogInit: Compiled with Visual C++: 19.13.26129.00
LogInit: Build Configuration: Development
LogInit: Branch Name: ++UE4+Release-4.20
LogInit: Command Line:  
LogInit: Base Directory: E:/Unreal engine/UE_4.20/Engine/Binaries/Win64/
LogInit: Installed Engine Build: 1
LogDevObjectVersion: Number of dev versions registered: 20
LogDevObjectVersion:   Dev-Blueprints (B0D832E4-1F89-4F0D-ACCF-7EB736FD4AA2): 10
LogDevObjectVersion:   Dev-Build (E1C64328-A22C-4D53-A36C-8E866417BD8C): 0
LogDevObjectVersion:   Dev-Core (375EC13C-06E4-48FB-B500-84F0262A717E): 2
LogDevObjectVersion:   Dev-Editor (E4B068ED-F494-42E9-A231-DA0B2E46BB41): 24
LogDevObjectVersion:   Dev-Framework (CFFC743F-43B0-4480-9391-14DF171D2073): 34
LogDevObjectVersion:   Dev-Mobile (B02B49B5-BB20-44E9-A304-32B752E40360): 2
LogDevObjectVersion:   Dev-Networking (A4E4105C-59A1-49B5-A7C5-40C4547EDFEE): 0
LogDevObjectVersion:   Dev-Online (39C831C9-5AE6-47DC-9A44-9C173E1C8E7C): 0
LogDevObjectVersion:   Dev-Physics (78F01B33-EBEA-4F98-B9B4-84EACCB95AA2): 0
LogDevObjectVersion:   Dev-Platform (6631380F-2D4D-43E0-8009-CF276956A95A): 0
LogDevObjectVersion:   Dev-Rendering (12F88B9F-8875-4AFC-A67C-D90C383ABD29): 26
LogDevObjectVersion:   Dev-Sequencer (7B5AE74C-D270-4C10-A958-57980B212A5A): 9
LogDevObjectVersion:   Dev-VR (D7296918-1DD6-4BDD-9DE2-64A83CC13884): 2
LogDevObjectVersion:   Dev-LoadTimes (C2A15278-BFE7-4AFE-6C17-90FF531DF755): 1
LogDevObjectVersion:   Private-Geometry (6EACA3D4-40EC-4CC1-B786-8BED09428FC5): 3
LogDevObjectVersion:   Dev-AnimPhys (29E575DD-E0A3-4627-9D10-D276232CDCEA): 17
LogDevObjectVersion:   Dev-ReflectionCapture (6B266CEC-1EC7-4B8F-A30B-E4D90942FC07): 1
LogDevObjectVersion:   Dev-Automation (0DF73D61-A23F-47EA-B727-89E90C41499A): 1
LogDevObjectVersion:   FortniteMain (601D1886-AC64-4F84-AA16-D3DE0DEAC7D6): 12
LogDevObjectVersion:   Dev-Enterprise (9DFFBCD6-494F-0158-E221-12823C92A888): 1
LogStreaming: Display: Took  0.000s to delete old logs.
LogInit: Presizing for max 8388607 objects, including 0 objects not considered by GC, pre-allocating 0 bytes for permanent pool.
LogInit: Object subsystem initialized
[2018.12.06-20.29.49:252][  0]LogModuleManager: Warning: ModuleManager: Unable to load module 'ExampleDeviceProfileSelector'  - 0 instances of that module name found.
[2018.12.06-20.29.49:252][  0]LogInit: Applying CVar settings loaded from the selected device profile: [Windows]
[2018.12.06-20.29.49:262][  0]LogHAL: Display: Platform has ~ 16 GB [17120309248 / 17179869184 / 16], which maps to Larger [LargestMinGB=32, LargerMinGB=12, DefaultMinGB=8, SmallerMinGB=6, SmallestMinGB=0)
[2018.12.06-20.29.49:262][  0]LogInit: Setting Device Profile CVar: [[r.Vulkan.UseRealUBs:1]]
[2018.12.06-20.29.49:262][  0]LogInit: Going up to parent DeviceProfile []
[2018.12.06-20.29.49:262][  0]LogInit: Computer: DESKTOP-OQ4O122
[2018.12.06-20.29.49:262][  0]LogInit: User: mes3c
[2018.12.06-20.29.49:262][  0]LogInit: CPU Page size=4096, Cores=4
[2018.12.06-20.29.49:263][  0]LogInit: High frequency timer resolution =4.101559 MHz
[2018.12.06-20.29.49:263][  0]LogMemory: Memory total: Physical=15.9GB (16GB approx)
[2018.12.06-20.29.49:263][  0]LogMemory: Platform Memory Stats for Windows
[2018.12.06-20.29.49:263][  0]LogMemory: Process Physical Memory: 82.93 MB used, 82.93 MB peak
[2018.12.06-20.29.49:263][  0]LogMemory: Process Virtual Memory: 71.79 MB used, 71.79 MB peak
[2018.12.06-20.29.49:263][  0]LogMemory: Physical Memory: 4972.87 MB used,  11354.33 MB free, 16327.20 MB total
[2018.12.06-20.29.49:263][  0]LogMemory: Virtual Memory: 4602.93 MB used,  11354.33 MB free, 134217728.00 MB total
[2018.12.06-20.29.49:278][  0]LogInit: Using OS detected language (fr-FR).
[2018.12.06-20.29.49:278][  0]LogInit: Using OS detected locale (fr-FR).
[2018.12.06-20.29.49:280][  0]LogTextLocalizationManager: No localization for 'fr-FR' exists, so 'en' will be used for the language.
[2018.12.06-20.29.49:567][  0]LogStreaming: Display: Took  0.289s to InitEngineTextLocalization.
[2018.12.06-20.29.49:568][  0]LogInit: Setting process to per monitor DPI aware
[2018.12.06-20.29.49:599][  0]LogSlate: New Slate User Created.  User Index 0, Is Virtual User: 0
[2018.12.06-20.29.49:599][  0]LogSlate: Slate User Registered.  User Index 0, Is Virtual User: 0
[2018.12.06-20.29.49:833][  0]LogD3D11RHI: D3D11 adapters:
[2018.12.06-20.29.49:876][  0]LogD3D11RHI:    0. 'NVIDIA GeForce GTX 1050 Ti' (Feature Level 11_0)
[2018.12.06-20.29.49:876][  0]LogD3D11RHI:       4018/0/8163 MB DedicatedVideo/DedicatedSystem/SharedSystem, Outputs:2, VendorId:0x10de
[2018.12.06-20.29.49:878][  0]LogD3D11RHI:    1. 'Microsoft Basic Render Driver' (Feature Level 11_0)
[2018.12.06-20.29.49:878][  0]LogD3D11RHI:       0/0/8163 MB DedicatedVideo/DedicatedSystem/SharedSystem, Outputs:0, VendorId:0x1414
[2018.12.06-20.29.49:878][  0]LogD3D11RHI: Chosen D3D11 Adapter: 0
[2018.12.06-20.29.49:883][  0]LogD3D11RHI: Creating new Direct3DDevice
[2018.12.06-20.29.49:883][  0]LogD3D11RHI:     GPU DeviceId: 0x1c82 (for the marketing name, search the web for "GPU Device Id")
[2018.12.06-20.29.49:883][  0]LogWindows: EnumDisplayDevices:
[2018.12.06-20.29.49:883][  0]LogWindows:    0. 'NVIDIA GeForce GTX 1050 Ti' (P:0 D:1)
[2018.12.06-20.29.49:883][  0]LogWindows:    1. 'NVIDIA GeForce GTX 1050 Ti' (P:1 D:1)
[2018.12.06-20.29.49:883][  0]LogWindows:    2. 'NVIDIA GeForce GTX 1050 Ti' (P:0 D:0)
[2018.12.06-20.29.49:884][  0]LogWindows:    3. 'NVIDIA GeForce GTX 1050 Ti' (P:0 D:0)
[2018.12.06-20.29.49:884][  0]LogWindows: DebugString: FoundDriverCount:4 
[2018.12.06-20.29.49:884][  0]LogD3D11RHI:     Adapter Name: NVIDIA GeForce GTX 1050 Ti
[2018.12.06-20.29.49:884][  0]LogD3D11RHI:   Driver Version: 416.34 (internal:25.21.14.1634, unified:416.34)
[2018.12.06-20.29.49:884][  0]LogD3D11RHI:      Driver Date: 10-10-2018
[2018.12.06-20.29.49:884][  0]LogRHI: Texture pool is 2812 MB (70% of 4018 MB)
[2018.12.06-20.29.49:915][  0]LogD3D11RHI: Async texture creation enabled
[2018.12.06-20.29.49:942][  0]LogD3D11RHI: GPU Timing Frequency: 1000.000000 (Debug: 2 2)
[2018.12.06-20.29.49:990][  0]LogShaderCompilers: Guid format shader working directory is 19 characters bigger than the processId version (../../../../Notrepremierjeu/Intermediate/Shaders/WorkingDirectory/5420/).
[2018.12.06-20.29.49:990][  0]LogShaderCompilers: Cleaned the shader compiler working directory 'C:/Users/mes3c/AppData/Local/Temp/UnrealShaderWorkingDir/2DED92784A586840506B65B25519272C/'.
[2018.12.06-20.29.50:217][  0]LogTemp: Display: Loaded TP AllDesktopTargetPlatform
[2018.12.06-20.29.50:230][  0]LogTemp: Display: Loaded TP MacClientTargetPlatform
[2018.12.06-20.29.50:241][  0]LogTemp: Display: Loaded TP MacNoEditorTargetPlatform
[2018.12.06-20.29.50:252][  0]LogTemp: Display: Loaded TP MacServerTargetPlatform
[2018.12.06-20.29.50:262][  0]LogTemp: Display: Loaded TP MacTargetPlatform
[2018.12.06-20.29.50:272][  0]LogTemp: Display: Loaded TP WindowsClientTargetPlatform
[2018.12.06-20.29.50:282][  0]LogTemp: Display: Loaded TP WindowsNoEditorTargetPlatform
[2018.12.06-20.29.50:292][  0]LogTemp: Display: Loaded TP WindowsServerTargetPlatform
[2018.12.06-20.29.50:296][  0]LogTemp: Display: Loaded TP WindowsTargetPlatform
[2018.12.06-20.29.50:355][  0]LogTemp: Display: Loaded TP AndroidTargetPlatform
[2018.12.06-20.29.50:355][  0]LogTemp: Display: Loaded TP AndroidTargetPlatform
[2018.12.06-20.29.50:355][  0]LogTemp: Display: Loaded TP AndroidTargetPlatform
[2018.12.06-20.29.50:355][  0]LogTemp: Display: Loaded TP AndroidTargetPlatform
[2018.12.06-20.29.50:355][  0]LogTemp: Display: Loaded TP AndroidTargetPlatform
[2018.12.06-20.29.50:355][  0]LogTemp: Display: Loaded TP AndroidTargetPlatform
[2018.12.06-20.29.50:355][  0]LogTemp: Display: Loaded TP AndroidTargetPlatform
[2018.12.06-20.29.50:355][  0]LogTemp: Display: Loaded TP AndroidTargetPlatform
[2018.12.06-20.29.50:355][  0]LogTemp: Display: Loaded TP AndroidTargetPlatform
[2018.12.06-20.29.50:355][  0]LogTemp: Display: Loaded TP AndroidTargetPlatform
[2018.12.06-20.29.50:355][  0]LogTemp: Display: Loaded TP AndroidTargetPlatform
[2018.12.06-20.29.50:355][  0]LogTemp: Display: Loaded TP AndroidTargetPlatform
[2018.12.06-20.29.50:355][  0]LogTemp: Display: Loaded TP AndroidTargetPlatform
[2018.12.06-20.29.50:355][  0]LogTemp: Display: Loaded TP AndroidTargetPlatform
[2018.12.06-20.29.50:355][  0]LogTemp: Display: Loaded TP AndroidTargetPlatform
[2018.12.06-20.29.50:355][  0]LogTemp: Display: Loaded TP AndroidTargetPlatform
[2018.12.06-20.29.50:355][  0]LogTemp: Display: Loaded TP AndroidTargetPlatform
[2018.12.06-20.29.50:355][  0]LogTemp: Display: Loaded TP AndroidTargetPlatform
[2018.12.06-20.29.50:356][  0]LogTemp: Display: Loaded TP HTML5TargetPlatform
[2018.12.06-20.29.50:412][  0]LogTemp: Display: Loaded TP IOSTargetPlatform
[2018.12.06-20.29.50:412][  0]LogTemp: Display: Loaded TP IOSTargetPlatform
[2018.12.06-20.29.50:430][  0]LogTemp: Display: Loaded TP TVOSTargetPlatform
[2018.12.06-20.29.50:431][  0]LogTemp: Display: Loaded TP TVOSTargetPlatform
[2018.12.06-20.29.50:441][  0]LogTemp: Display: Loaded TP LinuxClientTargetPlatform
[2018.12.06-20.29.50:450][  0]LogTemp: Display: Loaded TP LinuxNoEditorTargetPlatform
[2018.12.06-20.29.50:459][  0]LogTemp: Display: Loaded TP LinuxServerTargetPlatform
[2018.12.06-20.29.50:469][  0]LogTemp: Display: Loaded TP LinuxTargetPlatform
[2018.12.06-20.29.50:477][  0]LogTemp: Display: Loaded TP LuminTargetPlatform
[2018.12.06-20.29.50:477][  0]LogTargetPlatformManager: Display: Building Assets For Windows
[2018.12.06-20.29.50:522][  0]LogXGEController: Cleaning working directory: C:/Users/mes3c/AppData/Local/Temp/UnrealXGEWorkingDir/
[2018.12.06-20.29.50:522][  0]LogXGEController: Cannot use XGE Controller as Incredibuild is not installed on this machine.
[2018.12.06-20.29.50:522][  0]LogShaderCompilers: Cannot use XGE Shader Compiler as Incredibuild is not installed on this machine.
[2018.12.06-20.29.50:522][  0]LogShaderCompilers: Display: Using Local Shader Compiler.
[2018.12.06-20.29.51:058][  0]LogDerivedDataCache: Display: Max Cache Size: 512 MB
[2018.12.06-20.29.51:106][  0]LogDerivedDataCache: Loaded boot cache 0.05s 67MB C:/Users/mes3c/AppData/Local/UnrealEngine/4.20/DerivedDataCache/Boot.ddc.
[2018.12.06-20.29.51:107][  0]LogDerivedDataCache: Display: Loaded Boot cache: C:/Users/mes3c/AppData/Local/UnrealEngine/4.20/DerivedDataCache/Boot.ddc
[2018.12.06-20.29.51:107][  0]LogDerivedDataCache: FDerivedDataBackendGraph:  Pak pak cache file ../../../../Notrepremierjeu/DerivedDataCache/DDC.ddp not found, will not use a pak cache.
[2018.12.06-20.29.51:107][  0]LogDerivedDataCache: Unable to find inner node Pak for hierarchical cache Hierarchy.
[2018.12.06-20.29.51:107][  0]LogDerivedDataCache: FDerivedDataBackendGraph:  CompressedPak pak cache file ../../../../Notrepremierjeu/DerivedDataCache/Compressed.ddp not found, will not use a pak cache.
[2018.12.06-20.29.51:107][  0]LogDerivedDataCache: Unable to find inner node CompressedPak for hierarchical cache Hierarchy.
[2018.12.06-20.29.51:117][  0]LogDerivedDataCache: Display: Pak cache opened for reading ../../../Engine/DerivedDataCache/Compressed.ddp.
[2018.12.06-20.29.51:129][  0]LogDerivedDataCache: Using Local data cache path C:/Users/mes3c/AppData/Local/UnrealEngine/Common/DerivedDataCache: Writable
[2018.12.06-20.29.51:129][  0]LogDerivedDataCache: Shared data cache path not found in *engine.ini, will not use an Shared cache.
[2018.12.06-20.29.51:129][  0]LogDerivedDataCache: Unable to find inner node Shared for hierarchical cache Hierarchy.
[2018.12.06-20.29.51:143][  0]LogMaterial: Verifying Global Shaders for PCD3D_SM5
[2018.12.06-20.29.51:144][  0]LogSlate: Using FreeType 2.6.0
[2018.12.06-20.29.51:144][  0]LogSlate: SlateFontServices - WITH_FREETYPE: 1, WITH_HARFBUZZ: 1
[2018.12.06-20.29.51:215][  0]LogAssetRegistry: FAssetRegistry took 0.0247 seconds to start up
[2018.12.06-20.29.51:452][  0]LogModuleManager: Warning: ModuleManager: Unable to load module 'ExampleDeviceProfileSelector'  - 0 instances of that module name found.
[2018.12.06-20.29.51:558][  0]LogSimplygon: Simplygon DLL not present - disabling.
[2018.12.06-20.29.51:560][  0]LogMeshReduction: Using SimplygonSwarm for distributed automatic mesh merging
[2018.12.06-20.29.51:560][  0]LogMeshReduction: Using QuadricMeshReduction for automatic static mesh reduction
[2018.12.06-20.29.51:560][  0]LogMeshReduction: No automatic skeletal mesh reduction module available
[2018.12.06-20.29.51:560][  0]LogMeshReduction: No automatic mesh merging module available
[2018.12.06-20.29.51:560][  0]LogMeshMerging: No automatic mesh merging module available
[2018.12.06-20.29.51:576][  0]LogNetVersion: Monjeu 1.0.0, NetCL: 4212847, EngineNetVer: 5, GameNetVer: 0 (Checksum: 900193238)
[2018.12.06-20.29.51:943][  0]LogPackageLocalizationCache: Processed 5 localized package path(s) for 1 prioritized culture(s) in 0.020493 seconds
[2018.12.06-20.29.51:947][  0]LogUObjectArray: 36917 objects as part of root set at end of initial load.
[2018.12.06-20.29.51:947][  0]LogUObjectAllocator: 6381952 out of 0 bytes used by permanent object pool.
[2018.12.06-20.29.51:947][  0]LogUObjectArray: CloseDisregardForGC: 0/0 objects in disregard for GC pool
[2018.12.06-20.29.51:953][  0]LogInit: WinSock: version 1.1 (2.2), MaxSocks=32767, MaxUdp=65467
[2018.12.06-20.29.52:724][  0]SourceControl: Source control is disabled
[2018.12.06-20.29.52:724][  0]SourceControl: Source control is disabled
[2018.12.06-20.29.52:725][  0]SourceControl: Source control is disabled
[2018.12.06-20.29.52:727][  0]SourceControl: Source control is disabled
[2018.12.06-20.29.52:748][  0]LogLinker: Can't find file '/Script/OnlineSubsystemUtils'
[2018.12.06-20.29.52:748][  0]LogLinker: Can't find file '/Script/OnlineSubsystemUtils'
[2018.12.06-20.29.52:796][  0]LogEngine: Initializing Engine...
[2018.12.06-20.29.52:797][  0]LogStats: UGameplayTagsManager::ConstructGameplayTagTree: ImportINI prefixes -  0.000 s
[2018.12.06-20.29.52:797][  0]LogStats: UGameplayTagsManager::ConstructGameplayTagTree: Construct from data asset -  0.000 s
[2018.12.06-20.29.52:797][  0]LogStats: UGameplayTagsManager::ConstructGameplayTagTree: ImportINI -  0.000 s
[2018.12.06-20.29.52:797][  0]LogStats: UGameplayTagsManager::ConstructGameplayTagTree: GameplayTagTreeChangedEvent.Broadcast -  0.000 s
[2018.12.06-20.29.52:975][  0]LogInit: Initializing FReadOnlyCVARCache
[2018.12.06-20.29.52:986][  0]LogAIModule: Creating AISystem for world Untitled
[2018.12.06-20.29.53:033][  0]LogInit: XAudio2 using 'Haut-parleurs (Realtek High Definition Audio)' : 2 channels at 48 kHz using 32 bits per sample (channel mask 0x3)
[2018.12.06-20.29.53:050][  0]LogInit: FAudioDevice initialized.
[2018.12.06-20.29.53:050][  0]LogNetVersion: Set ProjectVersion to 1.0.0.0. Version Checksum will be recalculated on next use.
[2018.12.06-20.29.53:112][  0]LogDerivedDataCache: Saved boot cache 0.06s 67MB C:/Users/mes3c/AppData/Local/UnrealEngine/4.20/DerivedDataCache/Boot.ddc.
[2018.12.06-20.29.53:128][  0]LogInit: Texture streaming: Enabled
[2018.12.06-20.29.53:151][  0]LogInit: Using libcurl 7.55.1-DEV
[2018.12.06-20.29.53:151][  0]LogInit:  - built for x86_64-pc-win32
[2018.12.06-20.29.53:151][  0]LogInit:  - supports SSL with OpenSSL/1.0.2h
[2018.12.06-20.29.53:151][  0]LogInit:  - supports HTTP deflate (compression) using libz 1.2.8
[2018.12.06-20.29.53:151][  0]LogInit:  - other features:
[2018.12.06-20.29.53:151][  0]LogInit:      CURL_VERSION_SSL
[2018.12.06-20.29.53:151][  0]LogInit:      CURL_VERSION_LIBZ
[2018.12.06-20.29.53:151][  0]LogInit:      CURL_VERSION_IPV6
[2018.12.06-20.29.53:151][  0]LogInit:      CURL_VERSION_ASYNCHDNS
[2018.12.06-20.29.53:151][  0]LogInit:      CURL_VERSION_LARGEFILE
[2018.12.06-20.29.53:151][  0]LogInit:      CURL_VERSION_IDN
[2018.12.06-20.29.53:151][  0]LogInit:  CurlRequestOptions (configurable via config and command line):
[2018.12.06-20.29.53:151][  0]LogInit:  - bVerifyPeer = false  - Libcurl will NOT verify peer certificate
[2018.12.06-20.29.53:151][  0]LogInit:  - bUseHttpProxy = false  - Libcurl will NOT use HTTP proxy
[2018.12.06-20.29.53:151][  0]LogInit:  - bDontReuseConnections = false  - Libcurl will reuse connections
[2018.12.06-20.29.53:151][  0]LogInit:  - CertBundlePath = nullptr  - Libcurl will use whatever was configured at build time.
[2018.12.06-20.29.53:151][  0]LogInit:  - MaxHostConnections = 16  - Libcurl will limit the number of connections to a host
[2018.12.06-20.29.53:151][  0]LogInit:  - LocalHostAddr = Default
[2018.12.06-20.29.53:151][  0]LogInit:  - BufferSize = 65536
[2018.12.06-20.29.53:165][  0]LogEngineSessionManager: EngineSessionManager initialized
[2018.12.06-20.29.53:175][  0]LogInit: Transaction tracking system initialized
[2018.12.06-20.29.53:192][  0]BlueprintLog: New page: Editor Load
[2018.12.06-20.29.53:252][  0]LocalizationService: Localization service is disabled
[2018.12.06-20.29.53:287][  0]LogModuleManager: Warning: ModuleManager: Unable to load module 'TcpMessaging'  - 0 instances of that module name found.
[2018.12.06-20.29.53:311][  0]LogModuleManager: Warning: ModuleManager: Unable to load module 'TcpMessaging'  - 0 instances of that module name found.
[2018.12.06-20.29.53:503][  0]LogCook: Display: Max memory allowance for cook 16384mb min free memory 0mb
[2018.12.06-20.29.53:503][  0]LogCook: Display: Mobile HDR setting 1
[2018.12.06-20.29.53:503][  0]LogGameplayTags: Display: UGameplayTagsManager::DoneAddingNativeTags. DelegateIsBound: 0
[2018.12.06-20.29.53:503][  0]LogStats: UGameplayTagsManager::ConstructGameplayTagTree: ImportINI prefixes -  0.000 s
[2018.12.06-20.29.53:503][  0]LogStats: UGameplayTagsManager::ConstructGameplayTagTree: Construct from data asset -  0.000 s
[2018.12.06-20.29.53:503][  0]LogStats: UGameplayTagsManager::ConstructGameplayTagTree: ImportINI -  0.000 s
[2018.12.06-20.29.53:503][  0]LogStats: UGameplayTagsManager::ConstructGameplayTagTree: GameplayTagTreeChangedEvent.Broadcast -  0.000 s
[2018.12.06-20.29.53:590][  0]LogFileCache: Scanning file cache for directory 'E:/Unreal engine/Notrepremierjeu/Content/' took 0.02s
[2018.12.06-20.29.53:590][  0]SourceControl: Source control is disabled
[2018.12.06-20.29.53:590][  0]Cmd: MAP LOAD FILE="../../../../Notrepremierjeu/Content/ThirdPersonBP/Maps/ThirdPersonExampleMap.umap" TEMPLATE=0 SHOWPROGRESS=1 FEATURELEVEL=3
[2018.12.06-20.29.53:611][  0]LogSlate: Took 0.000175 seconds to synchronously load lazily loaded font '../../../Engine/Content/Slate/Fonts/Roboto-Regular.ttf' (155K)
[2018.12.06-20.29.53:633][  0]LogWindowsTextInputMethodSystem: Display: IME system now deactivated.
[2018.12.06-20.29.55:942][  0]LogSlate: Window 'Message' being destroyed
[2018.12.06-20.29.55:942][  0]LogWindowsTextInputMethodSystem: Display: IME system now deactivated.
[2018.12.06-20.29.55:944][  0]LogWindowsTextInputMethodSystem: Display: IME system now deactivated.
[2018.12.06-20.29.55:944][  0]LightingResults: New page: Lighting Build
[2018.12.06-20.29.55:946][  0]MapCheck: New page: Map Check
[2018.12.06-20.29.55:946][  0]LightingResults: New page: Lighting Build
[2018.12.06-20.29.55:966][  0]LogAIModule: Creating AISystem for world Untitled
[2018.12.06-20.29.55:968][  0]LoadErrors: New page: New Map
[2018.12.06-20.29.56:054][  0]LogSlate: Updating window title bar state: overlay mode, drag disabled, window buttons hidden, title bar hidden
[2018.12.06-20.29.56:059][  0]LogSlate: Updating window title bar state: overlay mode, drag disabled, window buttons hidden, title bar hidden
[2018.12.06-20.29.56:065][  0]LogSlate: Updating window title bar state: overlay mode, drag disabled, window buttons hidden, title bar hidden
[2018.12.06-20.29.56:071][  0]LogSlate: Updating window title bar state: overlay mode, drag disabled, window buttons hidden, title bar hidden
[2018.12.06-20.29.56:076][  0]LogCollectionManager: Loaded 0 collections in 0.001362 seconds
[2018.12.06-20.29.56:116][  0]LogFileCache: Scanning file cache for directory 'E:/Unreal engine/Notrepremierjeu/Saved/Collections/' took 0.01s
[2018.12.06-20.29.56:116][  0]LogFileCache: Scanning file cache for directory 'E:/Unreal engine/Notrepremierjeu/Content/Developers/mes3c/Collections/' took 0.01s
[2018.12.06-20.29.56:116][  0]LogFileCache: Scanning file cache for directory 'E:/Unreal engine/Notrepremierjeu/Content/Collections/' took 0.01s
[2018.12.06-20.29.56:116][  0]LogCollectionManager: Rebuilt the GUID cache for 0 collections in 0.000000 seconds
[2018.12.06-20.29.56:121][  0]LogContentBrowser: Native class hierarchy populated in 0.0060 seconds. Added 2361 classes and 436 folders.
[2018.12.06-20.29.56:126][  0]LogContentBrowser: Native class hierarchy updated for 'WidgetCarousel' in 0.0001 seconds. Added 0 classes and 0 folders.
[2018.12.06-20.29.56:179][  0]LogContentBrowser: Native class hierarchy updated for 'AddContentDialog' in 0.0001 seconds. Added 0 classes and 0 folders.
[2018.12.06-20.29.56:182][  0]LogContentBrowser: Native class hierarchy updated for 'SceneOutliner' in 0.0001 seconds. Added 1 classes and 2 folders.
[2018.12.06-20.29.56:192][  0]LogSlate: Took 0.000194 seconds to synchronously load lazily loaded font '../../../Engine/Content/Slate/Fonts/Roboto-Bold.ttf' (160K)
[2018.12.06-20.29.56:196][  0]LogSlate: Took 0.000193 seconds to synchronously load lazily loaded font '../../../Engine/Content/Editor/Slate/Fonts/FontAwesome.ttf' (139K)
[2018.12.06-20.29.56:233][  0]LogRenderer: Reallocating scene render targets to support 1208x600 Format 10 NumSamples 1 (Frame:1).
[2018.12.06-20.29.56:316][  0]LogContentBrowser: Native class hierarchy updated for 'HierarchicalLODOutliner' in 0.0001 seconds. Added 0 classes and 0 folders.
[2018.12.06-20.29.56:316][  0]LogLoad: (Engine Initialization) Total time: 8.01 seconds
[2018.12.06-20.29.56:316][  0]LogLoad: (Engine Initialization) Total Blueprint compile time: 0.00 seconds
[2018.12.06-20.29.56:345][  0]LogAssetRegistry: Asset discovery search completed in 5.1524 seconds
[2018.12.06-20.29.56:347][  0]LogCollectionManager: Rebuilt the object cache for 0 collections in 0.000000 seconds (found 0 objects)
[2018.12.06-20.29.56:347][  0]LogCollectionManager: Fixed up redirectors for 0 collections in 0.000041 seconds (updated 0 objects)
[2018.12.06-20.29.56:348][  0]LogContentStreaming: Texture pool size now 1000 MB
[2018.12.06-20.29.56:440][  0]LogSlate: Took 0.000575 seconds to synchronously load lazily loaded font '../../../Engine/Content/Slate/Fonts/Roboto-Light.ttf' (167K)
[2018.12.06-20.29.57:902][172]LogSlate: FSceneViewport::OnFocusLost() reason 2
[2018.12.06-20.29.58:840][284]LogSlate: FSceneViewport::OnFocusLost() reason 2
[2018.12.06-20.30.06:661][172]LogSlate: Window 'Editor Preferences' being destroyed
[2018.12.06-20.30.06:662][172]LogSlate: Window 'Editor Preferences' being destroyed
[2018.12.06-20.32.15:860][993]LogSlate: FSceneViewport::OnFocusLost() reason 0
[2018.12.06-20.32.21:030][180]LogSlate: FSceneViewport::OnFocusLost() reason 0
[2018.12.06-20.33.57:150][572]LogSlate: FSceneViewport::OnFocusLost() reason 0
[2018.12.06-20.33.57:351][585]LogSlate: Window 'Monjeu - Unreal Editor' being destroyed
[2018.12.06-20.33.57:352][585]LogWindowsTextInputMethodSystem: Display: IME system now deactivated.
[2018.12.06-20.33.57:505][586]Cmd: QUIT_EDITOR
[2018.12.06-20.33.57:525][586]LogSlate: Slate User Destroyed.  User Index 0, Is Virtual User: 0
[2018.12.06-20.33.57:525][586]LogExit: Preparing to exit.
[2018.12.06-20.33.57:543][586]LogExit: Editor shut down
[2018.12.06-20.33.57:544][586]LogExit: Transaction tracking system shut down
[2018.12.06-20.33.57:722][586]LogExit: Object subsystem successfully closed.
[2018.12.06-20.33.57:736][586]LogShaderCompilers: Display: Shaders left to compile 0
[2018.12.06-20.33.57:738][586]LogD3D11RHI: Shutdown
[2018.12.06-20.33.57:738][586]LogD3D11RHI: CleanupD3DDevice
[2018.12.06-20.33.57:739][586]LogD3D11RHI: ~FD3D11DynamicRHI
[2018.12.06-20.33.57:746][586]LogModuleManager: Shutting down and abandoning module HierarchicalLODOutliner (452)
[2018.12.06-20.33.57:746][586]LogModuleManager: Shutting down and abandoning module SceneOutliner (450)
[2018.12.06-20.33.57:746][586]LogModuleManager: Shutting down and abandoning module AddContentDialog (448)
[2018.12.06-20.33.57:746][586]LogModuleManager: Shutting down and abandoning module WidgetCarousel (447)
[2018.12.06-20.33.57:746][586]LogModuleManager: Shutting down and abandoning module EditorWidgets (444)
[2018.12.06-20.33.57:746][586]LogModuleManager: Shutting down and abandoning module CollectionManager (442)
[2018.12.06-20.33.57:746][586]LogModuleManager: Shutting down and abandoning module StatsViewer (440)
[2018.12.06-20.33.57:746][586]LogModuleManager: Shutting down and abandoning module FoliageEdit (438)
[2018.12.06-20.33.57:746][586]LogModuleManager: Shutting down and abandoning module LandscapeEditor (436)
[2018.12.06-20.33.57:746][586]LogModuleManager: Shutting down and abandoning module MeshPaintMode (434)
[2018.12.06-20.33.57:746][586]LogModuleManager: Shutting down and abandoning module SceneDepthPickerMode (432)
[2018.12.06-20.33.57:746][586]LogModuleManager: Shutting down and abandoning module ActorPickerMode (430)
[2018.12.06-20.33.57:746][586]LogModuleManager: Shutting down and abandoning module GeometryMode (428)
[2018.12.06-20.33.57:746][586]LogModuleManager: Shutting down and abandoning module TextureAlignMode (426)
[2018.12.06-20.33.57:746][586]LogModuleManager: Shutting down and abandoning module BspMode (424)
[2018.12.06-20.33.57:746][586]LogModuleManager: Shutting down and abandoning module PlacementMode (422)
[2018.12.06-20.33.57:746][586]LogModuleManager: Shutting down and abandoning module MaterialEditor (421)
[2018.12.06-20.33.57:746][586]LogModuleManager: Shutting down and abandoning module PIEPreviewDeviceProfileSelector (418)
[2018.12.06-20.33.57:746][586]LogModuleManager: Shutting down and abandoning module SequenceRecorderSections (416)
[2018.12.06-20.33.57:746][586]LogModuleManager: Shutting down and abandoning module SequenceRecorder (414)
[2018.12.06-20.33.57:746][586]LogModuleManager: Shutting down and abandoning module AutomationWorker (412)
[2018.12.06-20.33.57:746][586]LogModuleManager: Shutting down and abandoning module Media (410)
[2018.12.06-20.33.57:752][586]LogModuleManager: Shutting down and abandoning module SmartSnapping (408)
[2018.12.06-20.33.57:752][586]LogModuleManager: Shutting down and abandoning module SessionServices (406)
[2018.12.06-20.33.57:752][586]LogModuleManager: Shutting down and abandoning module ViewportSnapping (404)
[2018.12.06-20.33.57:752][586]LogModuleManager: Shutting down and abandoning module ViewportInteraction (402)
[2018.12.06-20.33.57:752][586]LogModuleManager: Shutting down and abandoning module ClothPainter (400)
[2018.12.06-20.33.57:752][586]LogModuleManager: Shutting down and abandoning module SkeletalMeshEditor (399)
[2018.12.06-20.33.57:752][586]LogModuleManager: Shutting down and abandoning module LogVisualizer (396)
[2018.12.06-20.33.57:752][586]LogModuleManager: Shutting down and abandoning module IntroTutorials (394)
[2018.12.06-20.33.57:752][586]LogModuleManager: Shutting down and abandoning module GameProjectGeneration (393)
[2018.12.06-20.33.57:752][586]LogModuleManager: Shutting down and abandoning module LuminPlatformEditor (390)
[2018.12.06-20.33.57:752][586]LogModuleManager: Shutting down and abandoning module IOSPlatformEditor (388)
[2018.12.06-20.33.57:752][586]LogModuleManager: Shutting down and abandoning module HTML5PlatformEditor (386)
[2018.12.06-20.33.57:752][586]LogModuleManager: Shutting down and abandoning module AndroidPlatformEditor (384)
[2018.12.06-20.33.57:752][586]LogModuleManager: Shutting down and abandoning module AndroidDeviceDetection (382)
[2018.12.06-20.33.58:435][586]LogModuleManager: Shutting down and abandoning module WindowsPlatformEditor (379)
[2018.12.06-20.33.58:435][586]LogModuleManager: Shutting down and abandoning module LuminRuntimeSettings (377)
[2018.12.06-20.33.58:435][586]LogModuleManager: Shutting down and abandoning module IOSRuntimeSettings (375)
[2018.12.06-20.33.58:435][586]LogModuleManager: Shutting down and abandoning module AndroidRuntimeSettings (373)
[2018.12.06-20.33.58:435][586]LogModuleManager: Shutting down and abandoning module InputBindingEditor (371)
[2018.12.06-20.33.58:435][586]LogModuleManager: Shutting down and abandoning module MergeActors (369)
[2018.12.06-20.33.58:435][586]LogModuleManager: Shutting down and abandoning module LocalizationDashboard (367)
[2018.12.06-20.33.58:435][586]LogModuleManager: Shutting down and abandoning module LocalizationService (366)
[2018.12.06-20.33.58:435][586]LogModuleManager: Shutting down and abandoning module HardwareTargeting (363)
[2018.12.06-20.33.58:435][586]LogModuleManager: Shutting down and abandoning module DeviceProfileEditor (361)
[2018.12.06-20.33.58:435][586]LogModuleManager: Shutting down and abandoning module UndoHistory (359)
[2018.12.06-20.33.58:435][586]LogModuleManager: Shutting down and abandoning module XmlParser (357)
[2018.12.06-20.33.58:435][586]LogModuleManager: Shutting down and abandoning module Blutility (355)
[2018.12.06-20.33.58:435][586]LogModuleManager: Shutting down and abandoning module ProjectSettingsViewer (353)
[2018.12.06-20.33.58:435][586]LogModuleManager: Shutting down and abandoning module ProjectTargetPlatformEditor (352)
[2018.12.06-20.33.58:435][586]LogModuleManager: Shutting down and abandoning module EditorSettingsViewer (349)
[2018.12.06-20.33.58:435][586]LogModuleManager: Shutting down and abandoning module SettingsEditor (347)
[2018.12.06-20.33.58:435][586]LogModuleManager: Shutting down and abandoning module ProjectLauncher (345)
[2018.12.06-20.33.58:435][586]LogModuleManager: Shutting down and abandoning module SessionFrontend (343)
[2018.12.06-20.33.58:435][586]LogModuleManager: Shutting down and abandoning module ProfilerClient (341)
[2018.12.06-20.33.58:435][586]LogModuleManager: Shutting down and abandoning module DeviceManager (339)
[2018.12.06-20.33.58:435][586]LogModuleManager: Shutting down and abandoning module TargetDeviceServices (338)
[2018.12.06-20.33.58:491][586]LogModuleManager: Shutting down and abandoning module AutomationController (335)
[2018.12.06-20.33.58:491][586]LogModuleManager: Shutting down and abandoning module AutomationWindow (333)
[2018.12.06-20.33.58:491][586]LogModuleManager: Shutting down and abandoning module Layers (331)
[2018.12.06-20.33.58:491][586]LogModuleManager: Shutting down and abandoning module ComponentVisualizers (329)
[2018.12.06-20.33.58:491][586]LogModuleManager: Shutting down and abandoning module DetailCustomizations (327)
[2018.12.06-20.33.58:491][586]LogModuleManager: Shutting down and abandoning module PackagesDialog (325)
[2018.12.06-20.33.58:491][586]LogModuleManager: Shutting down and abandoning module Persona (323)
[2018.12.06-20.33.58:491][586]LogModuleManager: Shutting down and abandoning module AdvancedPreviewScene (322)
[2018.12.06-20.33.58:491][586]LogModuleManager: Shutting down and abandoning module AnimGraph (320)
[2018.12.06-20.33.58:491][586]LogModuleManager: Shutting down and abandoning module Kismet (317)
[2018.12.06-20.33.58:491][586]LogModuleManager: Shutting down and abandoning module GraphEditor (315)
[2018.12.06-20.33.58:491][586]LogModuleManager: Shutting down and abandoning module ClassViewer (313)
[2018.12.06-20.33.58:491][586]LogModuleManager: Shutting down and abandoning module Toolbox (311)
[2018.12.06-20.33.58:491][586]LogModuleManager: Shutting down and abandoning module ModuleUI (309)
[2018.12.06-20.33.58:491][586]LogModuleManager: Shutting down and abandoning module MovieSceneTools (307)
[2018.12.06-20.33.58:491][586]LogModuleManager: Shutting down and abandoning module OutputLog (305)
[2018.12.06-20.33.58:491][586]LogModuleManager: Shutting down and abandoning module GammaUI (303)
[2018.12.06-20.33.58:491][586]LogModuleManager: Shutting down and abandoning module Documentation (301)
[2018.12.06-20.33.58:491][586]LogModuleManager: Shutting down and abandoning module MovieSceneTracks (299)
[2018.12.06-20.33.58:491][586]LogModuleManager: Shutting down and abandoning module MovieScene (297)
[2018.12.06-20.33.58:491][586]LogModuleManager: Shutting down and abandoning module StreamingPauseRendering (295)
[2018.12.06-20.33.58:491][586]LogModuleManager: Shutting down and abandoning module LauncherPlatform (293)
[2018.12.06-20.33.58:491][586]LogModuleManager: Shutting down and abandoning module AnalyticsET (291)
[2018.12.06-20.33.58:491][586]LogModuleManager: Shutting down and abandoning module HTTP (290)
[2018.12.06-20.33.58:491][586]LogHttp: Display: Http module shutting down, but needs to wait on 1 outstanding Http requests:
[2018.12.06-20.33.58:491][586]LogHttp: Display: 	verb=[POST] url=[https://datarouter.ol.epicgames.com/datarouter/api/v1/public/data?SessionID=%7B55BDAC49-4A13-BDC5-F1B9-EF9B4E39B8E3%7D&AppID=UEEditor.Rocket.Release&AppVersion=4.20.3-4369336%2B%2B%2BUE4%2BRelease-4.20&UserID=c660d0724c20fdb46e15eca2a098a575%7C9af43721ea8a4fbf9a0116abaddbdbf8%7Cc81fc44c-76e7-4622-9086-d2ae83bb9cb9&AppEnvironment=datacollector-binary&UploadType=eteventstream] status=Processing
[2018.12.06-20.33.58:513][586]LogModuleManager: Shutting down and abandoning module SSL (289)
[2018.12.06-20.33.58:514][586]LogModuleManager: Shutting down and abandoning module PortalServices (285)
[2018.12.06-20.33.58:514][586]LogModuleManager: Shutting down and abandoning module PortalRpc (283)
[2018.12.06-20.33.58:514][586]LogModuleManager: Shutting down and abandoning module MessagingRpc (281)
[2018.12.06-20.33.58:514][586]LogModuleManager: Shutting down and abandoning module AIModule (279)
[2018.12.06-20.33.58:515][586]LogModuleManager: Shutting down and abandoning module GameplayDebugger (278)
[2018.12.06-20.33.58:515][586]LogModuleManager: Shutting down and abandoning module AITestSuite (276)
[2018.12.06-20.33.58:515][586]LogModuleManager: Shutting down and abandoning module NavigationSystem (274)
[2018.12.06-20.33.58:515][586]LogModuleManager: Shutting down and abandoning module DesktopPlatform (271)
[2018.12.06-20.33.58:515][586]LogModuleManager: Shutting down and abandoning module ProfilerService (269)
[2018.12.06-20.33.58:720][586]LogModuleManager: Shutting down and abandoning module TaskGraph (267)
[2018.12.06-20.33.58:720][586]LogModuleManager: Shutting down and abandoning module DatasmithContentEditor (265)
[2018.12.06-20.33.58:720][586]LogModuleManager: Shutting down and abandoning module DatasmithContent (263)
[2018.12.06-20.33.58:720][586]LogModuleManager: Shutting down and abandoning module SpeedTreeImporter (261)
[2018.12.06-20.33.58:720][586]LogModuleManager: Shutting down and abandoning module PluginBrowser (259)
[2018.12.06-20.33.58:720][586]LogModuleManager: Shutting down and abandoning module MobileLauncherProfileWizard (257)
[2018.12.06-20.33.58:720][586]LogModuleManager: Shutting down and abandoning module CryptoKeysOpenSSL (255)
[2018.12.06-20.33.58:720][586]LogModuleManager: Shutting down and abandoning module CryptoKeys (253)
[2018.12.06-20.33.58:720][586]LogModuleManager: Shutting down and abandoning module VisualStudioSourceCodeAccess (251)
[2018.12.06-20.33.58:720][586]LogModuleManager: Shutting down and abandoning module VisualStudioCodeSourceCodeAccess (249)
[2018.12.06-20.33.58:720][586]LogModuleManager: Shutting down and abandoning module UObjectPlugin (247)
[2018.12.06-20.33.58:721][586]LogModuleManager: Shutting down and abandoning module SubversionSourceControl (245)
[2018.12.06-20.33.58:721][586]LogModuleManager: Shutting down and abandoning module PerforceSourceControl (243)
[2018.12.06-20.33.58:721][586]LogModuleManager: Shutting down and abandoning module GitSourceControl (241)
[2018.12.06-20.33.58:721][586]LogModuleManager: Shutting down and abandoning module SourceControl (240)
[2018.12.06-20.33.58:721][586]LogModuleManager: Shutting down and abandoning module CLionSourceCodeAccess (237)
[2018.12.06-20.33.58:721][586]LogModuleManager: Shutting down and abandoning module LightPropagationVolumeEditor (235)
[2018.12.06-20.33.58:721][586]LogModuleManager: Shutting down and abandoning module PaperTiledImporter (233)
[2018.12.06-20.33.58:721][586]LogModuleManager: Shutting down and abandoning module PaperSpriteSheetImporter (231)
[2018.12.06-20.33.58:721][586]LogModuleManager: Shutting down and abandoning module Paper2DEditor (229)
[2018.12.06-20.33.58:721][586]LogModuleManager: Shutting down and abandoning module MeshPaint (228)
[2018.12.06-20.33.58:721][586]LogModuleManager: Shutting down and abandoning module GameplayTagsEditor (225)
[2018.12.06-20.33.58:721][586]LogModuleManager: Shutting down and abandoning module FacialAnimationEditor (223)
[2018.12.06-20.33.58:721][586]LogModuleManager: Shutting down and abandoning module FacialAnimation (221)
[2018.12.06-20.33.58:721][586]LogModuleManager: Shutting down and abandoning module DataValidation (219)
[2018.12.06-20.33.58:721][586]LogModuleManager: Shutting down and abandoning module AssetManagerEditor (217)
[2018.12.06-20.33.58:721][586]LogModuleManager: Shutting down and abandoning module LevelEditor (216)
[2018.12.06-20.33.58:721][586]LogModuleManager: Shutting down and abandoning module PixelInspectorModule (215)
[2018.12.06-20.33.58:722][586]LogModuleManager: Shutting down and abandoning module CommonMenuExtensions (213)
[2018.12.06-20.33.58:722][586]LogModuleManager: Shutting down and abandoning module MainFrame (211)
[2018.12.06-20.33.58:722][586]LogModuleManager: Shutting down and abandoning module HotReload (210)
[2018.12.06-20.33.58:722][586]LogModuleManager: Shutting down and abandoning module ContentBrowser (206)
[2018.12.06-20.33.58:723][586]LogModuleManager: Shutting down and abandoning module TreeMap (204)
[2018.12.06-20.33.58:723][586]LogModuleManager: Shutting down and abandoning module LightPropagationVolumeRuntime (201)
[2018.12.06-20.33.58:723][586]LogModuleManager: Shutting down and abandoning module AISupportModule (199)
[2018.12.06-20.33.58:723][586]LogModuleManager: Shutting down and abandoning module Paper2D (197)
[2018.12.06-20.33.58:723][586]LogModuleManager: Shutting down and abandoning module PacketHandler (195)
[2018.12.06-20.33.58:723][586]LogModuleManager: Shutting down and abandoning module ClothingSystemEditor (193)
[2018.12.06-20.33.58:723][586]LogModuleManager: Shutting down and abandoning module ClothingSystemRuntime (191)
[2018.12.06-20.33.58:723][586]LogModuleManager: Shutting down and abandoning module MediaAssets (189)
[2018.12.06-20.33.58:723][586]LogModuleManager: Shutting down and abandoning module Overlay (187)
[2018.12.06-20.33.58:723][586]LogModuleManager: Shutting down and abandoning module OverlayEditor (186)
[2018.12.06-20.33.58:723][586]LogModuleManager: Shutting down and abandoning module VREditor (183)
[2018.12.06-20.33.58:723][586]LogModuleManager: Shutting down and abandoning module StringTableEditor (181)
[2018.12.06-20.33.58:723][586]LogModuleManager: Shutting down and abandoning module GameplayTasksEditor (179)
[2018.12.06-20.33.58:723][586]LogModuleManager: Shutting down and abandoning module BehaviorTreeEditor (177)
[2018.12.06-20.33.58:723][586]LogModuleManager: Shutting down and abandoning module FunctionalTesting (175)
[2018.12.06-20.33.58:723][586]LogModuleManager: Shutting down and abandoning module CollisionAnalyzer (173)
[2018.12.06-20.33.58:723][586]LogModuleManager: Shutting down and abandoning module WorkspaceMenuStructure (172)
[2018.12.06-20.33.58:723][586]LogModuleManager: Shutting down and abandoning module UMG (169)
[2018.12.06-20.33.58:723][586]LogModuleManager: Shutting down and abandoning module UMGEditor (168)
[2018.12.06-20.33.58:723][586]LogModuleManager: Shutting down and abandoning module Sequencer (167)
[2018.12.06-20.33.58:723][586]LogModuleManager: Shutting down and abandoning module MessageLog (164)
[2018.12.06-20.33.58:723][586]LogModuleManager: Shutting down and abandoning module SlateReflector (159)
[2018.12.06-20.33.58:723][586]LogModuleManager: Shutting down and abandoning module Slate (157)
[2018.12.06-20.33.58:723][586]LogModuleManager: Shutting down and abandoning module EditorStyle (155)
[2018.12.06-20.33.58:724][586]LogModuleManager: Shutting down and abandoning module MRMesh (153)
[2018.12.06-20.33.58:724][586]LogModuleManager: Shutting down and abandoning module SourceCodeAccess (151)
[2018.12.06-20.33.58:724][586]LogModuleManager: Shutting down and abandoning module HeadMountedDisplay (149)
[2018.12.06-20.33.58:724][586]LogModuleManager: Shutting down and abandoning module XAudio2 (147)
[2018.12.06-20.33.58:724][586]LogModuleManager: Shutting down and abandoning module Networking (145)
[2018.12.06-20.33.58:724][586]LogModuleManager: Shutting down and abandoning module Core (141)
[2018.12.06-20.33.58:724][586]LogModuleManager: Shutting down and abandoning module LevelSequence (139)
[2018.12.06-20.33.58:724][586]LogModuleManager: Shutting down and abandoning module KismetCompiler (137)
[2018.12.06-20.33.58:724][586]LogModuleManager: Shutting down and abandoning module MeshUtilities (135)
[2018.12.06-20.33.58:724][586]LogModuleManager: Shutting down and abandoning module MeshMergeUtilities (134)
[2018.12.06-20.33.58:724][586]LogModuleManager: Shutting down and abandoning module MeshReductionInterface (133)
[2018.12.06-20.33.58:724][586]LogModuleManager: Shutting down and abandoning module SimplygonSwarm (132)
[2018.12.06-20.33.58:724][586]LogModuleManager: Shutting down and abandoning module SimplygonMeshReduction (130)
[2018.12.06-20.33.58:724][586]LogModuleManager: Shutting down and abandoning module QuadricMeshReduction (128)
[2018.12.06-20.33.58:724][586]LogModuleManager: Shutting down and abandoning module MaterialBaking (124)
[2018.12.06-20.33.58:724][586]LogModuleManager: Shutting down and abandoning module DirectoryWatcher (120)
[2018.12.06-20.33.58:724][586]LogModuleManager: Shutting down and abandoning module DerivedDataCache (117)
[2018.12.06-20.33.58:768][586]LogDerivedDataCache: Shutdown
[2018.12.06-20.33.58:768][586]LogModuleManager: Shutting down and abandoning module XGEController (115)
[2018.12.06-20.33.58:768][586]LogXGEController: Cleaning working directory: C:/Users/mes3c/AppData/Local/Temp/UnrealXGEWorkingDir/
[2018.12.06-20.33.58:768][586]LogModuleManager: Shutting down and abandoning module TargetPlatform (113)
[2018.12.06-20.33.58:768][586]LogModuleManager: Shutting down and abandoning module VulkanShaderFormat (112)
[2018.12.06-20.33.58:768][586]LogModuleManager: Shutting down and abandoning module ShaderFormatVectorVM (110)
[2018.12.06-20.33.58:768][586]LogModuleManager: Shutting down and abandoning module ShaderFormatOpenGL (108)
[2018.12.06-20.33.58:768][586]LogModuleManager: Shutting down and abandoning module ShaderFormatD3D (106)
[2018.12.06-20.33.58:768][586]LogModuleManager: Shutting down and abandoning module MetalShaderFormat (104)
[2018.12.06-20.33.58:768][586]LogModuleManager: Shutting down and abandoning module TextureFormatUncompressed (102)
[2018.12.06-20.33.58:768][586]LogModuleManager: Shutting down and abandoning module TextureFormatPVR (100)
[2018.12.06-20.33.58:768][586]LogModuleManager: Shutting down and abandoning module TextureFormatDXT (98)
[2018.12.06-20.33.58:768][586]LogModuleManager: Shutting down and abandoning module TextureFormatIntelISPCTexComp (96)
[2018.12.06-20.33.58:768][586]LogModuleManager: Shutting down and abandoning module TextureFormatASTC (94)
[2018.12.06-20.33.58:768][586]LogModuleManager: Shutting down and abandoning module ImageWrapper (93)
[2018.12.06-20.33.58:768][586]LogModuleManager: Shutting down and abandoning module TextureFormatAndroid (90)
[2018.12.06-20.33.58:768][586]LogModuleManager: Shutting down and abandoning module AudioFormatOpus (88)
[2018.12.06-20.33.58:768][586]LogModuleManager: Shutting down and abandoning module AudioFormatOgg (86)
[2018.12.06-20.33.58:768][586]LogModuleManager: Shutting down and abandoning module AudioFormatADPCM (84)
[2018.12.06-20.33.58:768][586]LogModuleManager: Shutting down and abandoning module LuminTargetPlatform (82)
[2018.12.06-20.33.58:768][586]LogModuleManager: Shutting down and abandoning module LinuxTargetPlatform (80)
[2018.12.06-20.33.58:768][586]LogModuleManager: Shutting down and abandoning module LinuxServerTargetPlatform (78)
[2018.12.06-20.33.58:768][586]LogModuleManager: Shutting down and abandoning module LinuxNoEditorTargetPlatform (76)
[2018.12.06-20.33.58:768][586]LogModuleManager: Shutting down and abandoning module LinuxClientTargetPlatform (74)
[2018.12.06-20.33.58:769][586]LogModuleManager: Shutting down and abandoning module TVOSTargetPlatform (72)
[2018.12.06-20.33.58:769][586]LogModuleManager: Shutting down and abandoning module Messaging (70)
[2018.12.06-20.33.58:769][586]LogModuleManager: Shutting down and abandoning module IOSTargetPlatform (68)
[2018.12.06-20.33.58:770][586]LogModuleManager: Shutting down and abandoning module HTML5TargetPlatform (66)
[2018.12.06-20.33.58:770][586]LogModuleManager: Shutting down and abandoning module AndroidTargetPlatform (64)
[2018.12.06-20.33.58:774][586]LogModuleManager: Shutting down and abandoning module WindowsTargetPlatform (62)
[2018.12.06-20.33.58:774][586]LogModuleManager: Shutting down and abandoning module WindowsServerTargetPlatform (60)
[2018.12.06-20.33.58:774][586]LogModuleManager: Shutting down and abandoning module WindowsNoEditorTargetPlatform (58)
[2018.12.06-20.33.58:774][586]LogModuleManager: Shutting down and abandoning module WindowsClientTargetPlatform (56)
[2018.12.06-20.33.58:774][586]LogModuleManager: Shutting down and abandoning module MacTargetPlatform (54)
[2018.12.06-20.33.58:774][586]LogModuleManager: Shutting down and abandoning module MacServerTargetPlatform (52)
[2018.12.06-20.33.58:774][586]LogModuleManager: Shutting down and abandoning module MacNoEditorTargetPlatform (50)
[2018.12.06-20.33.58:774][586]LogModuleManager: Shutting down and abandoning module MacClientTargetPlatform (48)
[2018.12.06-20.33.58:774][586]LogModuleManager: Shutting down and abandoning module AllDesktopTargetPlatform (46)
[2018.12.06-20.33.58:774][586]LogModuleManager: Shutting down and abandoning module InputCore (43)
[2018.12.06-20.33.58:774][586]LogModuleManager: Shutting down and abandoning module Settings (41)
[2018.12.06-20.33.58:774][586]LogModuleManager: Shutting down and abandoning module PhysXCooking (39)
[2018.12.06-20.33.58:774][586]LogModuleManager: Shutting down and abandoning module AnimationModifiers (36)
[2018.12.06-20.33.58:774][586]LogModuleManager: Shutting down and abandoning module PropertyEditor (35)
[2018.12.06-20.33.58:774][586]LogModuleManager: Shutting down and abandoning module AudioEditor (32)
[2018.12.06-20.33.58:774][586]LogModuleManager: Shutting down and abandoning module TextureCompressor (30)
[2018.12.06-20.33.58:774][586]LogModuleManager: Shutting down and abandoning module ShaderCore (28)
[2018.12.06-20.33.58:774][586]LogModuleManager: Shutting down and abandoning module Landscape (26)
[2018.12.06-20.33.58:774][586]LogModuleManager: Shutting down and abandoning module SlateRHIRenderer (24)
[2018.12.06-20.33.58:774][586]LogModuleManager: Shutting down and abandoning module OpenGLDrv (22)
[2018.12.06-20.33.58:774][586]LogModuleManager: Shutting down and abandoning module D3D11RHI (20)
[2018.12.06-20.33.58:774][586]LogModuleManager: Shutting down and abandoning module AnimGraphRuntime (18)
[2018.12.06-20.33.58:774][586]LogModuleManager: Shutting down and abandoning module Renderer (16)
[2018.12.06-20.33.58:774][586]LogModuleManager: Shutting down and abandoning module Engine (14)
[2018.12.06-20.33.58:774][586]LogModuleManager: Shutting down and abandoning module CoreUObject (12)
[2018.12.06-20.33.58:774][586]LogModuleManager: Shutting down and abandoning module NetworkFile (10)
[2018.12.06-20.33.58:774][586]LogModuleManager: Shutting down and abandoning module CookedIterativeFile (8)
[2018.12.06-20.33.58:774][586]LogModuleManager: Shutting down and abandoning module StreamingFile (6)
[2018.12.06-20.33.58:774][586]LogModuleManager: Shutting down and abandoning module SandboxFile (4)
[2018.12.06-20.33.58:774][586]LogModuleManager: Shutting down and abandoning module PakFile (2)
[2018.12.06-20.33.58:778][586]LogExit: Exiting.
[2018.12.06-20.33.58:783][586]Log file closed, 12/06/18 21:33:58
